      Warm start
1
 
 Parameters
 ==========

 Files
 -----
 Solution file..........         0       Old basis file ........         0       Standard input.........         5
 Insert file............         0       New basis file ........         0       (Printer)..............         9
 Punch file.............         0       Backup basis file......         0       (Specs file)...........         4
 Load file..............         0       Dump file..............         0       Standard output........         6

 Frequencies
 -----------
 Print frequency........       100       Check frequency........        60       Save new basis map.....       100
 Summary frequency......       100       Factorization frequency        50       Expand frequency.......     10000

 QP subproblems
 --------------
 QPsolver Cholesky......
 Scale tolerance........     0.900       Minor feasibility tol..  1.00E-02       Iteration limit........   1000000
 Scale option...........         0       Minor optimality  tol..  1.00E-06       Minor print level......         1
 Crash tolerance........     0.100       Pivot tolerance........  3.25E-11       New superbasics........        99
 Crash option...........         3       Elastic weight.........  1.00E+05

 Partial pricing
 ---------------
 LP Partial price.......         1       Prtl price section ( A)       420       Prtl price section (-I)       245
 QP Partial price.......         1       Prtl price section ( A)       420       Prtl price section (-I)       245

 The SQP Method
 --------------
 Minimize...............                 Warm start.............                 Proximal Point method..         1
 Nonlinear objectiv vars       420       Objective Row..........         1       Function precision.....  3.00E-13
 Unbounded step size....  1.00E+20       Superbasics limit......       420       Difference interval....  5.48E-07
 Unbounded objective....  1.00E+10       Reduced Hessian dim....       420       Central difference int.  6.70E-05
 Major step limit.......  2.00E+00       Derivative linesearch..                 Derivative option......         1
 Major iterations limit.     20000       Linesearch tolerance...   0.90000       Verify level...........         0
 Minor iterations limit.     50000       Penalty parameter......  0.00E+00       Major Print Level......         1
 Time limit (secs)...... 9999999.0       Major optimality tol...  1.00E-04

 Hessian Approximation
 ---------------------
 Limited-Memory Hessian.                 Hessian updates........         5       Hessian frequency......  99999999
                                                                                 Hessian flush..........  99999999

 Nonlinear constraints
 ---------------------
 Nonlinear constraints..       244       Major feasibility tol..  1.00E-02       Violation limit........  1.00E+01
 Nonlinear Jacobian vars       420

 Miscellaneous
 -------------
 LU factor tolerance....      3.99       LU singularity tol.....  3.25E-11       Timing level...........         3
 LU update tolerance....      3.99       LU swap tolerance......  1.22E-04       Debug level............         0
 LU partial  pivoting...                 eps (machine precision)  2.22E-16       System information.....        No
                                                                                 Sticky parameters......        No

 Total char*8  workspace       500       Total integer workspace     50552       Total real    workspace     91205
 Total char*8  (minimum)       500       Total integer (minimum)     20696       Total real    (minimum)    130617
 
 XXX  Not enough storage to start the problem...

 Total real      workspace  should be significantly more than  153218
1
 
 SNOPTA EXIT  80 -- insufficient storage allocated
 SNOPTA INFO  84 -- not enough real storage
1
 
 SNMEMA EXIT 100 -- finished successfully
 SNMEMA INFO 104 -- memory requirements estimated
1
 
 Parameters
 ==========

 Files
 -----
 Solution file..........         0       Old basis file ........         0       Standard input.........         5
 Insert file............         0       New basis file ........         0       (Printer)..............         9
 Punch file.............         0       Backup basis file......         0       (Specs file)...........         4
 Load file..............         0       Dump file..............         0       Standard output........         6

 Frequencies
 -----------
 Print frequency........       100       Check frequency........        60       Save new basis map.....       100
 Summary frequency......       100       Factorization frequency        50       Expand frequency.......     10000

 QP subproblems
 --------------
 QPsolver Cholesky......
 Scale tolerance........     0.900       Minor feasibility tol..  1.00E-02       Iteration limit........   1000000
 Scale option...........         0       Minor optimality  tol..  1.00E-06       Minor print level......         1
 Crash tolerance........     0.100       Pivot tolerance........  3.25E-11       New superbasics........        99
 Crash option...........         3       Elastic weight.........  1.00E+05

 Partial pricing
 ---------------
 LP Partial price.......         1       Prtl price section ( A)       420       Prtl price section (-I)       245
 QP Partial price.......         1       Prtl price section ( A)       420       Prtl price section (-I)       245

 The SQP Method
 --------------
 Minimize...............                 Warm start.............                 Proximal Point method..         1
 Nonlinear objectiv vars       420       Objective Row..........         1       Function precision.....  3.00E-13
 Unbounded step size....  1.00E+20       Superbasics limit......       420       Difference interval....  5.48E-07
 Unbounded objective....  1.00E+10       Reduced Hessian dim....       420       Central difference int.  6.70E-05
 Major step limit.......  2.00E+00       Derivative linesearch..                 Derivative option......         1
 Major iterations limit.     20000       Linesearch tolerance...   0.90000       Verify level...........         0
 Minor iterations limit.     50000       Penalty parameter......  0.00E+00       Major Print Level......         1
 Time limit (secs)...... 9999999.0       Major optimality tol...  1.00E-04

 Hessian Approximation
 ---------------------
 Limited-Memory Hessian.                 Hessian updates........         5       Hessian frequency......  99999999
                                                                                 Hessian flush..........  99999999

 Nonlinear constraints
 ---------------------
 Nonlinear constraints..       244       Major feasibility tol..  1.00E-02       Violation limit........  1.00E+01
 Nonlinear Jacobian vars       420

 Miscellaneous
 -------------
 LU factor tolerance....      3.99       LU singularity tol.....  3.25E-11       Timing level...........         3
 LU update tolerance....      3.99       LU swap tolerance......  1.22E-04       Debug level............         0
 LU partial  pivoting...                 eps (machine precision)  2.22E-16       System information.....        No
                                                                                 Sticky parameters......        No

 Total char*8  workspace       500       Total integer workspace     66737       Total real    workspace    155328
 Total char*8  (minimum)       500       Total integer (minimum)     20696       Total real    (minimum)    130617
 
1
 

 

 Matrix statistics
 -----------------
               Total      Normal        Free       Fixed     Bounded
 Rows            245           0           1         242           2
 Columns         420           0           0           0         420

 No. of matrix elements                 1662     Density       1.615
 Biggest  constant element        0.0000E+00  (excluding fixed columns,
 Smallest constant element        0.0000E+00   free rows, and RHS)

 No. of objective coefficients             0

 Nonlinear constraints     244     Linear constraints       1
 Nonlinear variables       420     Linear variables         0
 Jacobian  variables       420     Objective variables    420
 Total constraints         245     Total variables        420
1
 

 WARNING:      1 basics specified; preferably should have been    245
 Singular(m=n)  rank        1  n-rank     244  nsing      244
 Itn      0: BR factorize
 Singular(m=n)  rank        1  n-rank     244  nsing      244
 Itn      0: LU partial  pivoting tols       2.00      2.00

 Itn      0: Feasible linear rows

 
 The user has defined    2082   out of    2082   first  derivatives

 Cheap test of user-supplied problem derivatives...

 The constraint gradients seem to be OK.

 -->  The largest discrepancy was    1.19E-03  in constraint   662
 

 The objective  gradients seem to be OK.

 Gradient projected in one direction  -1.28607959283E-06
 Difference approximation             -1.27319395069E-06
1
 
 Itn      0: Hessian set to a scaled identity matrix

    Itn     FP mult  FP step   rgNorm          NumInf         SumInf   +SBS   -SBS    -BS    Pivot     L+U ncp    nS condZHZ
    100     3.2E+01  8.5E-08                        1  7.3188613E-01    211    211    506  5.8E+00     623
    200     3.2E+01  8.3E-08                        1  6.6698957E-01    317    317    558  5.9E+00    1154
 Itn    241: Infeasible QP subproblem
 Itn    241: Elastic Phase 1 -- making non-elastic variables feasible
 Itn    241: Infeasible subproblem. Elastic mode started with weight =  2.5E+05

    Itn     QP mult  QP step   rgNorm  SumInfE NonOpt Elastic QP obj   +SBS   -SBS    -BS    Pivot     L+U ncp    nS condZHZ
    300     4.4E-01  1.0E+00  1.7E-11  2.9E-01     25  7.3607068E+04     85                           1079        58 2.4E+00
 

   Itns Major Minors    Step   nCon Feasible  Optimal  MeritFunction     L+U BSwap     nS condZHZ Penalty
    314     0    314              1  7.4E-02  2.4E-01  2.6033102E+01    1079           71 2.4E+00         _  r i
 Itn    314: Hessian set to a scaled identity matrix
 Itn    314: LU partial  pivoting tols       3.99      3.99
    315     1      1 4.7E-02      2  7.1E-02  2.4E-01  1.2361567E+05    1040           71 2.4E+00 4.4E+05 _  rli
    316     2      1 5.0E-02      3  6.7E-02  2.3E-01  1.2563435E+05    1044           71 2.5E+00 4.8E+05 _s  li
    317     3      1 1.0E+00      4  5.9E-02  1.0E+00  9.2259670E+03    1038           71 5.0E+00 4.8E+05 _    i
    318     4      1 3.3E-01      6  4.8E-02  1.0E+00  9.0324699E+03    1044           71 7.2E+00 6.9E+02 _    i
    319     5      1 3.5E-02      9  4.9E-02  1.0E+00  9.0268984E+03    1042           71 2.0E+01 4.4E+01 _    i
    321     6      2 1.9E-02     12  4.9E-02  1.0E+00  9.0257507E+03    1101     1     70 9.7E+00 2.5E+01 _    i
 Itn    321: Hessian off-diagonals discarded
    323     7      2 2.6E-03     14  4.9E-02  1.0E+00  9.0254958E+03    1103           71 2.2E+03 2.4E+01 _  R i
    324     8      1 1.0E+00     15  1.2E-02  2.2E-01  9.0042016E+03    1101           71 2.1E+03 2.4E+01 _s   i
    325     9      1 1.0E+00     16 (4.9E-03) 9.4E-02  8.9965092E+03    1101           71 2.1E+03 2.4E+01 _    i
    326    10      1 5.2E-01     18 (2.4E-03) 4.5E-02  8.9962464E+03    1101           71 2.2E+03 2.4E+01 _    i
 Itn    327: Elastic weight increased to   2.522E+06
 Itn    327: Elastic weight increased to   2.522E+08
 Itn    327: Elastic weight increased to   2.522E+10
    327    11      1 1.0E+00     19 (1.9E-03)(3.5E-12) 8.9260009E+08    1048     1     71 1.9E+01 2.4E+01 _    i
1
 
 SNOPTA EXIT   0 -- finished successfully
 SNOPTA INFO   1 -- optimality conditions satisfied

 Problem name                 matlabMx
 No. of iterations                 327   Objective            7.0225331146E+01
 No. of major iterations            11   Linear    obj. term  0.0000000000E+00
 Penalty parameter           2.359E+01   Nonlinear obj. term  7.0225331146E+01
 Elastic weight                2.5E+10   Elastic   objective  8.9260008593E+08
                                         Elastic infeas       3.5398163397E-02
 User function calls (total)        20
 No. of superbasics                 71   No. of basic nonlinears           242
 No. of degenerate steps           180   Percentage                      55.05
 Max x                     294 1.9E+01   Max pi                    180 2.5E+10
 Max Primal infeas         662 3.5E-02   Max Dual infeas           185 8.8E-02
 Nonlinear constraint violn    3.5E-02
1
 
 Name           matlabMx                 Objective Value      7.0225331146E+01

 Status         Optimal Soln             Iteration    327    Superbasics    71

 Objective               (Min)
 RHS
 Ranges
 Bounds

 Section 1 - Rows

  Number  ...Row.. State  ...Activity...  Slack Activity  ..Lower Limit.  ..Upper Limit.  .Dual Activity    ..i
 
     421  r      1    BS          .               .                None            None         -1.0          1
     422  r      2 A  EQ          .               .               .               .             22.75709      2
     423  r      3 A  EQ        -0.00000        -0.00000          .               .             -1.95186      3
     424  r      4 A  EQ        -0.00000        -0.00000          .               .             -3.42675      4
     425  r      5 A  EQ         0.00000         0.00000          .               .              0.62123      5
     426  r      6 A  EQ         0.00000         0.00000          .               .             -2.23386      6
     427  r      7 A  EQ        -0.00000        -0.00000          .               .              1.10094      7
     428  r      8 A  EQ        -0.00000        -0.00000          .               .             -0.54741      8
     429  r      9 A  EQ        -0.00000        -0.00000          .               .              1.33664      9
     430  r     10 A  EQ         0.00000         0.00000          .               .              1.25340     10
     431  r     11 A  EQ         0.00000         0.00000          .               .              1.27681     11
     432  r     12 A  EQ        -0.00000        -0.00000          .               .              2.76559     12
     433  r     13 A  EQ         0.00000         0.00000          .               .              0.93622     13
     434  r     14 A  EQ        -0.00000        -0.00000          .               .              3.66322     14
     435  r     15 A  EQ        -0.00000        -0.00000          .               .              0.39140     15
     436  r     16 A  EQ        -0.00000        -0.00000          .               .              3.76628     16
     437  r     17 A  EQ        -0.00000        -0.00000          .               .             -0.23821     17
     438  r     18 A  EQ        -0.00000        -0.00000          .               .              3.05403     18
     439  r     19 A  EQ         0.00000         0.00000          .               .             -0.81621     19
     440  r     20 A  EQ         0.00000         0.00000          .               .              1.66206     20
     441  r     21 A  EQ         0.00000         0.00000          .               .             -1.21588     21
     442  r     22 A  EQ        -0.00000        -0.00000          .               .             -0.10730     22
     443  r     23 A  EQ        -0.00000        -0.00000          .               .             -1.34763     23
     444  r     24 A  EQ         0.00000         0.00000          .               .             -1.83735     24
     445  r     25 A  EQ        -0.00000        -0.00000          .               .             -1.18284     25
     446  r     26 A  EQ        -0.00000        -0.00000          .               .             -3.10621     26
     447  r     27 A  EQ        -0.00000        -0.00000          .               .             -0.76389     27
     448  r     28 A  EQ         0.00000         0.00000          .               .             -3.69837     28
     449  r     29 A  EQ        -0.00000        -0.00000          .               .             -0.18723     29
     450  r     30 A  EQ        -0.00000        -0.00000          .               .             -3.55225     30
     451  r     31 A  EQ        -0.00000        -0.00000          .               .              0.42723     31
     452  r     32 A  EQ         0.00000         0.00000          .               .             -2.67819     32
     453  r     33 A  EQ        -0.00000        -0.00000          .               .              0.95523     33
     454  r     34 A  EQ         0.00000         0.00000          .               .             -1.18227     34
     455  r     35 A  EQ         0.00000         0.00000          .               .              1.28239     35
     456  r     36 A  EQ         0.00000         0.00000          .               .              0.60686     36
     457  r     37 A  EQ         0.00001         0.00001          .               .              1.33517     37
     458  r     38 A  EQ          .               .               .               .              2.20446     38
     459  r     39 A  EQ         0.00001         0.00001          .               .              1.10672     39
     460  r     40 A  EQ          .               .               .               .              3.23342     40
     461  r     41 A  EQ         0.00000         0.00000          .               .              0.64588     41
     462  r     42 A  EQ         0.00000         0.00000          .               .              3.60893     42
     463  r     43 A  EQ         0.00001         0.00001          .               .              0.06602     43
     464  r     44 A  EQ        -0.00000        -0.00000          .               .              3.37395     44
     465  r     45 A  EQ         0.00001         0.00001          .               .             -0.52574     45
     466  r     46 A  EQ        -0.00000        -0.00000          .               .              2.49613     46
     467  r     47 A  EQ         0.00001         0.00001          .               .             -1.02320     47
     468  r     48 A  EQ         0.00000         0.00000          .               .              0.98558     48
     469  r     49 A  EQ        -0.00006        -0.00006          .               .             -1.31921     49
     470  r     50 A  EQ          .               .               .               .             -0.81472     50
     471  r     51 A  EQ        -0.00016        -0.00016          .               .             -1.33651     51
     472  r     52 A  EQ         0.00000         0.00000          .               .             -2.30802     52
     473  r     53 A  EQ        -0.00008        -0.00008          .               .             -1.07528     53
     474  r     54 A  EQ        -0.00000        -0.00000          .               .             -3.15105     54
     475  r     55 A  EQ        -0.00004        -0.00004          .               .             -0.61266     55
     476  r     56 A  EQ         0.00000         0.00000          .               .             -3.41507     56
     477  r     57 A  EQ        -0.00010        -0.00010          .               .             -0.05622     57
     478  r     58 A  EQ        -0.00000        -0.00000          .               .             -3.24974     58
     479  r     59 A  EQ        -0.00008        -0.00008          .               .              0.50858     59
     480  r     60 A  EQ         0.00000         0.00000          .               .             -2.56118     60
     481  r     61 A  EQ        -0.00007        -0.00007          .               .              1.00103     61
     482  r     62 A  EQ        -0.00000        -0.00000          .               .             -1.18572     62
     483  r     63 A  EQ         0.00027         0.00027          .               .              1.31772     63
     484  r     64 A  EQ         0.00000         0.00000          .               .              0.60454     64
     485  r     65 A  EQ         0.00049         0.00049          .               .              1.36822     65
     486  r     66 A  EQ         0.00000         0.00000          .               .              2.10219     66
     487  r     67 A  EQ         0.00024         0.00024          .               .              1.14186     67
     488  r     68 A  EQ         0.00000         0.00000          .               .              2.87363     68
     489  r     69 A  EQ         0.00033         0.00033          .               .              0.72522     69
     490  r     70 A  EQ          .               .               .               .              3.09727     70
     491  r     71 A  EQ         0.00058         0.00058          .               .              0.21927     71
     492  r     72 A  EQ         0.00000         0.00000          .               .              3.08856     72
     493  r     73 A  EQ         0.00065         0.00065          .               .             -0.30488     73
     494  r     74 A  EQ          .               .               .               .              2.83968     74
     495  r     75 A  EQ         0.00051         0.00051          .               .             -0.80719     75
     496  r     76 A  EQ         0.00000         0.00000          .               .              2.00040     76
     497  r     77 A  EQ        -0.00016        -0.00016          .               .             -1.21730     77
     498  r     78 A  EQ        -0.00000        -0.00000          .               .              0.39837     78
     499  r     79 A  EQ        -0.00001        -0.00001          .               .             -1.41598     79
     500  r     80 A  EQ          .               .               .               .             -1.35548     80
     501  r     81 A  EQ         0.00045         0.00045          .               .             -1.33257     81
     502  r     82 A  EQ        -0.00000        -0.00000          .               .             -2.40193     82
     503  r     83 A  EQ        -0.00000        -0.00000          .               .             -1.01169     83
     504  r     84 A  EQ         0.00000         0.00000          .               .             -2.65576     84
     505  r     85 A  EQ        -0.00004        -0.00004          .               .             -0.58178     85
     506  r     86 A  EQ         0.00000         0.00000          .               .             -2.61566     86
     507  r     87 A  EQ         0.00006         0.00006          .               .             -0.13578     87
     508  r     88 A  EQ         0.00000         0.00000          .               .             -2.64668     88
     509  r     89 A  EQ        -0.00002        -0.00002          .               .              0.31015     89
     510  r     90 A  EQ        -0.00000        -0.00000          .               .             -2.71086     90
     511  r     91 A  EQ        -0.00001        -0.00001          .               .              0.75957     91
     512  r     92 A  EQ        -0.00000        -0.00000          .               .             -2.33705     92
     513  r     93 A  EQ         0.00000         0.00000          .               .              1.18428     93
     514  r     94 A  EQ         0.00000         0.00000          .               .             -0.99130     94
     515  r     95 A  EQ         0.00000         0.00000          .               .              1.46722     95
     516  r     96 A  EQ          .               .               .               .              0.88959     96
     517  r     97 A  EQ         0.00001         0.00001          .               .              1.46903     97
     518  r     98 A  EQ          .               .               .               .              2.07111     98
     519  r     99 A  EQ        -0.00002        -0.00002          .               .              1.21379     99
     520  r    100 A  EQ          .               .               .               .              2.14360    100
     521  r    101 A  EQ        -0.00002        -0.00002          .               .              0.85579    101
     522  r    102 A  EQ          .               .               .               .              1.69170    102
     523  r    103 A  EQ        -0.00000        -0.00000          .               .              0.53218    103
     524  r    104 A  EQ        -0.00000        -0.00000          .               .              1.25760    104
     525  r    105 A  EQ        -0.00001        -0.00001          .               .              0.28240    105
     526  r    106 A  EQ         0.00000         0.00000          .               .              1.02442    106
     527  r    107 A  EQ         0.00000         0.00000          .               .              0.08968    107
     528  r    108 A  EQ        -0.00000        -0.00000          .               .              1.02324    108
     529  r    109 A  EQ        -0.00000        -0.00000          .               .             -0.08302    109
     530  r    110 A  EQ        -0.00000        -0.00000          .               .              1.27389    110
     531  r    111 A  EQ        -0.00000        -0.00000          .               .             -0.27686    111
     532  r    112 A  EQ        -0.00000        -0.00000          .               .              1.83719    112
     533  r    113 A  EQ        -0.00000        -0.00000          .               .             -0.53969    113
     534  r    114 A  EQ         0.00000         0.00000          .               .              2.83591    114
     535  r    115 A  EQ        -0.00000        -0.00000          .               .             -0.93481    115
     536  r    116 A  EQ        -0.00000        -0.00000          .               .              4.47272    116
     537  r    117 A  EQ         0.00000         0.00000          .               .             -1.55306    117
     538  r    118 A  EQ        -0.00000        -0.00000          .               .              7.06536    118
     539  r    119 A  EQ         0.00000         0.00000          .               .             -2.52985    119
     540  r    120 A  EQ        -0.00000        -0.00000          .               .             11.14184    120
     541  r    121 A  EQ         0.00000         0.00000          .               .             -4.07196    121
     542  r    122 D  BS         0.00042         0.00042          .               .               .         122
     543  r    123 A  EQ        -0.00000        -0.00000          .               .             -0.35284    123
     544  r    124 A  EQ        -0.00000        -0.00000          .               .              0.03913    124
     545  r    125 A  EQ         0.00000         0.00000          .               .              0.05649    125
     546  r    126 A  EQ         0.00000         0.00000          .               .              0.10871    126
     547  r    127 A  EQ         0.00000         0.00000          .               .              0.04396    127
     548  r    128 A  EQ         0.00000         0.00000          .               .              0.15414    128
     549  r    129 A  EQ         0.00000         0.00000          .               .              0.02168    129
     550  r    130 A  EQ        -0.00000        -0.00000          .               .              0.16542    130
     551  r    131 A  EQ         0.00000         0.00000          .               .             -0.00540    131
     552  r    132 A  EQ         0.00000         0.00000          .               .              0.14046    132
     553  r    133 A  EQ         0.00000         0.00000          .               .             -0.03132    133
     554  r    134 A  EQ        -0.00000        -0.00000          .               .              0.08538    134
     555  r    135 A  EQ         0.00000         0.00000          .               .             -0.05046    135
     556  r    136 A  EQ         0.00000         0.00000          .               .              0.01228    136
     557  r    137 A  EQ         0.00000         0.00000          .               .             -0.05874    137
     558  r    138 A  EQ        -0.00000        -0.00000          .               .             -0.06383    138
     559  r    139 A  EQ         0.00000         0.00000          .               .             -0.05437    139
     560  r    140 A  EQ         0.00000         0.00000          .               .             -0.12703    140
     561  r    141 A  EQ         0.00000         0.00000          .               .             -0.03819    141
     562  r    142 A  EQ         0.00000         0.00000          .               .             -0.16279    142
     563  r    143 A  EQ        -0.00000        -0.00000          .               .             -0.01363    143
     564  r    144 A  EQ         0.00000         0.00000          .               .             -0.15275    144
     565  r    145 A  EQ        -0.00000        -0.00000          .               .              0.01311    145
     566  r    146 A  EQ        -0.00000        -0.00000          .               .             -0.12119    146
     567  r    147 A  EQ        -0.00000        -0.00000          .               .              0.03632    147
     568  r    148 A  EQ         0.00000         0.00000          .               .             -0.06703    148
     569  r    149 A  EQ        -0.00000        -0.00000          .               .              0.05227    149
     570  r    150 A  EQ         0.00000         0.00000          .               .             -0.00061    150
     571  r    151 A  EQ        -0.00000        -0.00000          .               .              0.05800    151
     572  r    152 A  EQ        -0.00000        -0.00000          .               .              0.06817    152
     573  r    153 A  EQ        -0.00000        -0.00000          .               .              0.05228    153
     574  r    154 A  EQ        -0.00000        -0.00000          .               .              0.12644    154
     575  r    155 A  EQ         0.00000         0.00000          .               .              0.03579    155
     576  r    156 A  EQ         0.00000         0.00000          .               .              0.15958    156
     577  r    157 A  EQ         0.00001         0.00001          .               .              0.00748    157
     578  r    158 A  EQ         0.00000         0.00000          .               .              0.14718    158
     579  r    159 A  EQ         0.00001         0.00001          .               .             -0.02827    159
     580  r    160 A  EQ        -0.00000        -0.00000          .               .              0.10334    160
     581  r    161 A  EQ         0.00000         0.00000          .               .             -0.04950    161
     582  r    162 A  EQ        -0.00000        -0.00000          .               .              0.04697    162
     583  r    163 A  EQ         0.00001         0.00001          .               .             -0.06224    163
     584  r    164 A  EQ          .               .               .               .             -0.01597    164
     585  r    165 A  EQ         0.00001         0.00001          .               .             -0.06486    165
     586  r    166 A  EQ         0.00000         0.00000          .               .             -0.08264    166
     587  r    167 A  EQ         0.00001         0.00001          .               .             -0.05650    167
     588  r    168 A  EQ        -0.00000        -0.00000          .               .             -0.14129    168
     589  r    169 A  EQ        -0.00006        -0.00006          .               .             -0.03653    169
     590  r    170 A  EQ        -0.00000        -0.00000          .               .             -0.16840    170
     591  r    171 A  EQ        -0.00016        -0.00016          .               .             -0.00756    171
     592  r    172 A  EQ         0.00000         0.00000          .               .             -0.15695    172
     593  r    173 A  EQ        -0.00008        -0.00008          .               .              0.02330    173
     594  r    174 A  EQ        -0.00000        -0.00000          .               .             -0.12001    174
     595  r    175 A  EQ        -0.00004        -0.00004          .               .              0.04675    175
     596  r    176 A  EQ        -0.00000        -0.00000          .               .             -0.08071    176
     597  r    177 A  EQ        -0.00010        -0.00010          .               .              0.06375    177
     598  r    178 A  EQ         0.00000         0.00000          .               .             -0.03367    178
     599  r    179 A  EQ        -0.00008        -0.00008          .               .              0.07344    179
     600  r    180 A  EQ        -0.00000        -0.00000          .               .              0.03006    180
     601  r    181 A  EQ        -0.00007        -0.00007          .               .              0.07374    181
     602  r    182 A  EQ        -0.00000        -0.00000          .               .              0.10732    182
     603  r    183 A  EQ         0.00027         0.00027          .               .              0.06306    183
     604  r    184 A  EQ        -0.00000        -0.00000          .               .              0.17608    184
     605  r    185 A  EQ         0.00049         0.00049          .               .              0.03823    185
     606  r    186 A  EQ         0.00000         0.00000          .               .              0.20352    186
     607  r    187 A  EQ         0.00024         0.00024          .               .              0.00327    187
     608  r    188 A  EQ         0.00000         0.00000          .               .              0.19557    188
     609  r    189 A  EQ         0.00033         0.00033          .               .             -0.03547    189
     610  r    190 A  EQ         0.00000         0.00000          .               .              0.17781    190
     611  r    191 A  EQ         0.00058         0.00058          .               .             -0.06705    191
     612  r    192 A  EQ        -0.00000        -0.00000          .               .              0.15851    192
     613  r    193 A  EQ         0.00065         0.00065          .               .             -0.09547    193
     614  r    194 A  EQ         0.00000         0.00000          .               .              0.11577    194
     615  r    195 A  EQ         0.00051         0.00051          .               .             -0.11864    195
     616  r    196 A  EQ          .               .               .               .              0.01693    196
     617  r    197 A  EQ        -0.00016        -0.00016          .               .             -0.12982    197
     618  r    198 A  EQ        -0.00000        -0.00000          .               .             -0.13597    198
     619  r    199 A  EQ        -0.00001        -0.00001          .               .             -0.12440    199
     620  r    200 A  EQ         0.00000         0.00000          .               .             -0.27310    200
     621  r    201 A  EQ         0.00045         0.00045          .               .             -0.09280    201
     622  r    202 A  EQ        -0.00000        -0.00000          .               .             -0.33374    202
     623  r    203 A  EQ        -0.00000        -0.00000          .               .             -0.04492    203
     624  r    204 A  EQ        -0.00000        -0.00000          .               .             -0.34173    204
     625  r    205 A  EQ        -0.00004        -0.00004          .               .              0.01064    205
     626  r    206 A  EQ         0.00000         0.00000          .               .             -0.35279    206
     627  r    207 A  EQ         0.00006         0.00006          .               .              0.06994    207
     628  r    208 A  EQ        -0.00000        -0.00000          .               .             -0.38937    208
     629  r    209 A  EQ        -0.00002        -0.00002          .               .              0.13280    209
     630  r    210 A  EQ          .               .               .               .             -0.41684    210
     631  r    211 A  EQ        -0.00001        -0.00001          .               .              0.20548    211
     632  r    212 A  EQ         0.00000         0.00000          .               .             -0.33713    212
     633  r    213 A  EQ         0.00000         0.00000          .               .              0.27242    213
     634  r    214 A  EQ         0.00000         0.00000          .               .             -0.07164    214
     635  r    215 A  EQ         0.00000         0.00000          .               .              0.30623    215
     636  r    216 A  EQ        -0.00000        -0.00000          .               .              0.28494    216
     637  r    217 A  EQ         0.00001         0.00001          .               .              0.29539    217
     638  r    218 A  EQ          .               .               .               .              0.50613    218
     639  r    219 A  EQ        -0.00002        -0.00002          .               .              0.23268    219
     640  r    220 A  EQ        -0.00000        -0.00000          .               .              0.52232    220
     641  r    221 A  EQ        -0.00002        -0.00002          .               .              0.14683    221
     642  r    222 A  EQ          .               .               .               .              0.45859    222
     643  r    223 A  EQ        -0.00000        -0.00000          .               .              0.06231    223
     644  r    224 A  EQ         0.00000         0.00000          .               .              0.43311    224
     645  r    225 A  EQ        -0.00001        -0.00001          .               .             -0.01321    225
     646  r    226 A  EQ          .               .               .               .              0.50173    226
     647  r    227 A  EQ         0.00000         0.00000          .               .             -0.09308    227
     648  r    228 A  EQ        -0.00000        -0.00000          .               .              0.69732    228
     649  r    229 A  EQ        -0.00000        -0.00000          .               .             -0.19560    229
     650  r    230 A  EQ        -0.00000        -0.00000          .               .              1.07022    230
     651  r    231 A  EQ        -0.00000        -0.00000          .               .             -0.34634    231
     652  r    232 A  EQ        -0.00000        -0.00000          .               .              1.70772    232
     653  r    233 A  EQ        -0.00000        -0.00000          .               .             -0.58280    233
     654  r    234 A  EQ        -0.00000        -0.00000          .               .              2.75067    234
     655  r    235 A  EQ        -0.00000        -0.00000          .               .             -0.96177    235
     656  r    236 A  EQ         0.00000         0.00000          .               .              4.41315    236
     657  r    237 A  EQ         0.00000         0.00000          .               .             -1.56994    237
     658  r    238 A  EQ        -0.00000        -0.00000          .               .              7.01959    238
     659  r    239 A  EQ         0.00000         0.00000          .               .             -2.53982    239
     660  r    240 A  EQ        -0.00000        -0.00000          .               .             11.10149    240
     661  r    241 A  EQ         0.00000         0.00000          .               .             -4.07538    241
     662  r    242 I  BS        -0.03540        -0.03540          .               .         2.521600E+10    242
     663  r    243 A  EQ         0.00001         0.00001          .               .            -59.19094    243
     664  r    244    UL         0.50000         0.00000        -0.50000         0.50000   -1.260800E+10    244
     665  r    245    UL         0.50000         0.00000        -0.50000         0.50000   -1.260800E+10    245
1
 
 Section 2 - Columns

  Number  .Column. State  ...Activity...  .Obj Gradient.  ..Lower Limit.  ..Upper Limit.  Reduced Gradnt    m+j
 
       1  x      1    BS        -1.57080          .             -9.42478         6.28319         0.00000    246
       2  x      2    BS        -0.00000          .          -1000.00000      1000.00000        -0.00000    247
       3  x      3 A  FR         2.31414         0.04464     -1000.00000      1000.00000        -0.00242    248
       4  x      4 A  FR          .             -0.07011     -1000.00000      1000.00000         0.00381    249
       5  x      5 A  FR          .             -0.00000     -1000.00000      1000.00000         0.00000    250
       6  x      6    BS        -1.56234          .             -9.42478         6.28319         0.00000    251
       7  x      7    BS         0.09973          .          -1000.00000      1000.00000         0.00000    252
       8  x      8 A  FR         6.64555         0.12819     -1000.00000      1000.00000         0.00162    253
       9  x      9 A  FR          .             -0.20026     -1000.00000      1000.00000        -0.00251    254
      10  x     10 A  FR          .              0.01277     -1000.00000      1000.00000         0.00015    255
      11  x     11    BS        -1.53188          .             -9.42478         6.28319        -0.00000    256
      12  x     12    BS         0.25979          .          -1000.00000      1000.00000         0.00000    257
      13  x     13 A  FR         9.71071         0.18732     -1000.00000      1000.00000         0.01349    258
      14  x     14 A  FR          .             -0.28692     -1000.00000      1000.00000        -0.02063    259
      15  x     15 A  FR          .              0.04859     -1000.00000      1000.00000         0.00343    260
      16  x     16    BS        -1.47544          .             -9.42478         6.28319         0.00000    261
      17  x     17    BS         0.40617          .          -1000.00000      1000.00000         0.00000    262
      18  x     18 A  FR        10.63361         0.20512     -1000.00000      1000.00000         0.02250    263
      19  x     19 A  FR          .             -0.30263     -1000.00000      1000.00000        -0.03318    264
      20  x     20 A  FR          .              0.08322     -1000.00000      1000.00000         0.00905    265
      21  x     21    BS        -1.40227          .             -9.42478         6.28319         0.00000    266
      22  x     22    BS         0.45721          .          -1000.00000      1000.00000         0.00000    267
      23  x     23 A  FR         9.20960         0.17765     -1000.00000      1000.00000         0.02652    268
      24  x     24 A  FR          .             -0.24912     -1000.00000      1000.00000        -0.03719    269
      25  x     25 A  FR          .              0.08115     -1000.00000      1000.00000         0.01205    270
      26  x     26    BS        -1.33349          .             -9.42478         6.28319         0.00000    271
      27  x     27    BS         0.35442          .          -1000.00000      1000.00000         0.00000    272
      28  x     28 A  FR         5.76726         0.11125     -1000.00000      1000.00000         0.02473    273
      29  x     29 A  FR          .             -0.14836     -1000.00000      1000.00000        -0.03299    274
      30  x     30 A  FR          .              0.03938     -1000.00000      1000.00000         0.00871    275
      31  x     31    BS        -1.29632          .             -9.42478         6.28319         0.00000    276
      32  x     32    BS         0.08413          .          -1000.00000      1000.00000         0.00000    277
      33  x     33 A  FR         1.06991         0.02064     -1000.00000      1000.00000         0.01758    278
      34  x     34 A  FR          .             -0.02676     -1000.00000      1000.00000        -0.02280    279
      35  x     35 A  FR          .              0.00173     -1000.00000      1000.00000         0.00147    280
      36  x     36    BS        -1.31558          .             -9.42478         6.28319        -0.00000    281
      37  x     37    BS        -0.31137          .          -1000.00000      1000.00000         0.00000    282
      38  x     38 A  FR        -3.85792        -0.07442     -1000.00000      1000.00000         0.00666    283
      39  x     39 A  FR          .              0.09792     -1000.00000      1000.00000        -0.00875    284
      40  x     40 A  FR          .              0.02319     -1000.00000      1000.00000        -0.00206    285
      41  x     41    BS        -1.40467          .             -9.42478         6.28319        -0.00000    286
      42  x     42    BS        -0.73986          .          -1000.00000      1000.00000        -0.00000    287
      43  x     43 A  FR        -7.94431        -0.15325     -1000.00000      1000.00000        -0.00570    288
      44  x     44 A  FR          .              0.21529     -1000.00000      1000.00000         0.00804    289
      45  x     45 A  FR          .              0.11339     -1000.00000      1000.00000         0.00422    290
      46  x     46    BS        -1.55872          .             -9.42478         6.28319        -0.00000    291
      47  x     47    BS        -1.07793          .          -1000.00000      1000.00000        -0.00000    292
      48  x     48 A  FR       -10.28916        -0.19848     -1000.00000      1000.00000        -0.01686    293
      49  x     49 A  FR          .              0.30941     -1000.00000      1000.00000         0.02631    294
      50  x     50 A  FR          .              0.21390     -1000.00000      1000.00000         0.01813    295
      51  x     51    BS        -1.75090         0.06354        -9.42478         6.28319        -0.00035    296
      52  x     52    BS        -1.18977          .          -1000.00000      1000.00000         0.00000    297
      53  x     53 A  FR       -10.36555        -0.17549     -1000.00000      1000.00000         0.00027    298
      54  x     54   SBS        -0.72412         0.30730     -1000.00000      1000.00000        -0.00045    299
      55  x     55 A  FR          .              0.20875     -1000.00000      1000.00000        -0.00037    300
      56  x     56    BS        -1.93807          .             -9.42478         6.28319        -0.00006    301
      57  x     57    BS        -1.01885          .          -1000.00000      1000.00000         0.00001    302
      58  x     58 A  FR        -8.19815        -0.15814     -1000.00000      1000.00000        -0.02639    303
      59  x     59 A  FR          .              0.30651     -1000.00000      1000.00000         0.05115    304
      60  x     60 A  FR          .              0.16106     -1000.00000      1000.00000         0.02681    305
      61  x     61    BS        -2.07374          .             -9.42478         6.28319        -0.00006    306
      62  x     62    BS        -0.58210          .          -1000.00000      1000.00000         0.00001    307
      63  x     63 A  FR        -4.30629        -0.08307     -1000.00000      1000.00000        -0.02317    308
      64  x     64 A  FR          .              0.17226     -1000.00000      1000.00000         0.04805    309
      65  x     65 A  FR          .              0.04831     -1000.00000      1000.00000         0.01344    310
      66  x     66    BS        -2.11740          .             -9.42478         6.28319         0.00002    311
      67  x     67    BS         0.06698          .          -1000.00000      1000.00000         0.00000    312
      68  x     68 A  FR         0.46631         0.00900     -1000.00000      1000.00000        -0.01533    313
      69  x     69 A  FR          .             -0.01905     -1000.00000      1000.00000         0.03246    314
      70  x     70 A  FR          .              0.00061     -1000.00000      1000.00000        -0.00103    315
      71  x     71    BS        -2.04320          .             -9.42478         6.28319         0.00010    316
      72  x     72    BS         0.80858          .          -1000.00000      1000.00000        -0.00000    317
      73  x     73 A  FR         5.14156         0.09918     -1000.00000      1000.00000        -0.00448    318
      74  x     74 A  FR          .             -0.20263     -1000.00000      1000.00000         0.00917    319
      75  x     75 A  FR          .              0.08023     -1000.00000      1000.00000        -0.00359    320
      76  x     76    BS        -1.84924          .             -9.42478         6.28319         0.00010    321
      77  x     77    BS         1.48011          .          -1000.00000      1000.00000        -0.00001    322
      78  x     78 A  FR         8.74771         0.16874     -1000.00000      1000.00000         0.00724    323
      79  x     79 A  FR          .             -0.31202     -1000.00000      1000.00000        -0.01336    324
      80  x     80 A  FR          .              0.24979     -1000.00000      1000.00000         0.01074    325
      81  x     81    BS        -1.56412         0.02048        -9.42478         6.28319         0.00069    326
      82  x     82    BS         1.88435        -0.02402     -1000.00000      1000.00000        -0.00082    327
      83  x     83 A  FR        10.48334         0.18621     -1000.00000      1000.00000         0.00143    328
      84  x     84   SBS         0.22001        -0.29122     -1000.00000      1000.00000        -0.00221    329
      85  x     85   SBS        -0.25801         0.35084     -1000.00000      1000.00000         0.00266    330
      86  x     86    BS        -1.24579          .             -9.42478         6.28319        -0.00044    331
      87  x     87    BS         1.87186        -0.05584     -1000.00000      1000.00000        -0.00096    332
      88  x     88 A  FR         9.95522         0.16804     -1000.00000      1000.00000        -0.00009    333
      89  x     89 A  FR          .             -0.20933     -1000.00000      1000.00000         0.00013    334
      90  x     90   SBS        -0.66463         0.31450     -1000.00000      1000.00000        -0.00022    335
      91  x     91    BS        -0.96520          .             -9.42478         6.28319        -0.00086    336
      92  x     92    BS         1.43913          .          -1000.00000      1000.00000         0.00002    337
      93  x     93 A  FR         7.35640         0.14191     -1000.00000      1000.00000         0.02560    338
      94  x     94 A  FR          .             -0.13696     -1000.00000      1000.00000        -0.02470    339
      95  x     95 A  FR          .              0.20417     -1000.00000      1000.00000         0.03678    340
      96  x     96    BS        -0.78584          .             -9.42478         6.28319        -0.00053    341
      97  x     97    BS         0.67737          .          -1000.00000      1000.00000        -0.00001    342
      98  x     98 A  FR         3.33784         0.06439     -1000.00000      1000.00000         0.02271    343
      99  x     99 A  FR          .             -0.05060     -1000.00000      1000.00000        -0.01785    344
     100  x    100 A  FR          .              0.04359     -1000.00000      1000.00000         0.01535    345
     101  x    101    BS        -0.75330          .             -9.42478         6.28319         0.00059    346
     102  x    102    BS        -0.29340          .          -1000.00000      1000.00000        -0.00003    347
     103  x    103 A  FR        -1.27967        -0.02468     -1000.00000      1000.00000         0.01607    348
     104  x    104 A  FR          .              0.01860     -1000.00000      1000.00000        -0.01210    349
     105  x    105 A  FR          .              0.00726     -1000.00000      1000.00000        -0.00471    350
     106  x    106    BS        -0.88993          .             -9.42478         6.28319         0.00148    351
     107  x    107    BS        -1.31883          .          -1000.00000      1000.00000        -0.00005    352
     108  x    108 A  FR        -5.66624        -0.10930     -1000.00000      1000.00000         0.00669    353
     109  x    109 A  FR          .              0.09729     -1000.00000      1000.00000        -0.00594    354
     110  x    110 A  FR          .              0.14420     -1000.00000      1000.00000        -0.00878    355
     111  x    111    BS        -1.18742          .             -9.42478         6.28319         0.00127    356
     112  x    112    BS        -2.19159         0.00784     -1000.00000      1000.00000        -0.00164    357
     113  x    113 A  FR        -8.97559        -0.16922     -1000.00000      1000.00000        -0.00009    358
     114  x    114 A  FR          .              0.20098     -1000.00000      1000.00000         0.00015    359
     115  x    115   SBS        -0.09267         0.37092     -1000.00000      1000.00000         0.00026    360
     116  x    116    BS        -1.59791         0.02088        -9.42478         6.28319        -0.00430    361
     117  x    117    BS        -2.65214         0.02085     -1000.00000      1000.00000        -0.00458    362
     118  x    118 A  FR       -10.44661        -0.18280     -1000.00000      1000.00000         0.00469    363
     119  x    119   SBS        -0.22847         0.29215     -1000.00000      1000.00000        -0.00744    364
     120  x    120   SBS        -0.22816         0.48480     -1000.00000      1000.00000        -0.01244    365
     121  x    121    BS        -2.03666         0.02351        -9.42478         6.28319        -0.00700    366
     122  x    122    BS        -2.52520         0.02127     -1000.00000      1000.00000        -0.00216    367
     123  x    123 A  FR        -9.72312        -0.16361     -1000.00000      1000.00000         0.00279    368
     124  x    124   SBS        -0.28736         0.33325     -1000.00000      1000.00000        -0.00563    369
     125  x    125   SBS        -0.25997         0.41310     -1000.00000      1000.00000        -0.00708    370
     126  x    126    BS        -2.40788         0.02684        -9.42478         6.28319        -0.00325    371
     127  x    127    BS        -1.85512          .          -1000.00000      1000.00000         0.00010    372
     128  x    128 A  FR        -7.10247        -0.11540     -1000.00000      1000.00000        -0.00305    373
     129  x    129   SBS        -0.46507         0.27790     -1000.00000      1000.00000         0.00737    374
     130  x    130 A  FR          .              0.21403     -1000.00000      1000.00000         0.00559    375
     131  x    131    BS        -2.63597          .             -9.42478         6.28319        -0.00391    376
     132  x    132    BS        -0.83632          .          -1000.00000      1000.00000         0.00006    377
     133  x    133 A  FR        -3.29029        -0.06347     -1000.00000      1000.00000        -0.02469    378
     134  x    134 A  FR          .              0.16731     -1000.00000      1000.00000         0.06510    379
     135  x    135 A  FR          .              0.05303     -1000.00000      1000.00000         0.02059    380
     136  x    136    BS        -2.67617          .             -9.42478         6.28319         0.00253    381
     137  x    137    BS         0.36190          .          -1000.00000      1000.00000         0.00005    382
     138  x    138 A  FR         0.98904         0.01908     -1000.00000      1000.00000        -0.02186    383
     139  x    139 A  FR          .             -0.05106     -1000.00000      1000.00000         0.05851    384
     140  x    140 A  FR          .              0.00692     -1000.00000      1000.00000        -0.00791    385
     141  x    141    BS        -2.50857          .             -9.42478         6.28319         0.00642    386
     142  x    142    BS         1.61576          .          -1000.00000      1000.00000         0.00003    387
     143  x    143 A  FR         5.12829         0.09893     -1000.00000      1000.00000        -0.01613    388
     144  x    144 A  FR          .             -0.24814     -1000.00000      1000.00000         0.04048    389
     145  x    145 A  FR          .              0.15990     -1000.00000      1000.00000        -0.02601    390
     146  x    146    BS        -2.14024        -0.01204        -9.42478         6.28319         0.00682    391
     147  x    147    BS         2.73054         0.00828     -1000.00000      1000.00000        -0.00211    392
     148  x    148 A  FR         8.46044         0.17393     -1000.00000      1000.00000         0.00341    393
     149  x    149   SBS        -0.13841        -0.37221     -1000.00000      1000.00000        -0.00726    394
     150  x    150   SBS         0.09526         0.47499     -1000.00000      1000.00000         0.00936    395
     151  x    151    BS        -1.62311         0.01533        -9.42478         6.28319        -0.00441    396
     152  x    152    BS         3.37165        -0.01350     -1000.00000      1000.00000         0.00679    397
     153  x    153 A  FR        10.21926         0.18222     -1000.00000      1000.00000        -0.01133    398
     154  x    154   SBS         0.16827        -0.29572     -1000.00000      1000.00000         0.01845    399
     155  x    155   SBS        -0.14820         0.61438     -1000.00000      1000.00000        -0.03822    400
     156  x    156    BS        -1.05977          .             -9.42478         6.28319         0.00514    401
     157  x    157    BS         3.27580        -0.01985     -1000.00000      1000.00000         0.00142    402
     158  x    158 A  FR         9.90934         0.17698     -1000.00000      1000.00000        -0.00021    403
     159  x    159 A  FR          .             -0.18751     -1000.00000      1000.00000         0.00027    404
     160  x    160   SBS        -0.22430         0.57969     -1000.00000      1000.00000        -0.00076    405
     161  x    161    BS        -0.56936          .             -9.42478         6.28319         0.01166    406
     162  x    162    BS         2.51095        -0.02821     -1000.00000      1000.00000        -0.00079    407
     163  x    163 A  FR         7.74446         0.12805     -1000.00000      1000.00000         0.00063    408
     164  x    164 A  FR          .             -0.07289     -1000.00000      1000.00000        -0.00034    409
     165  x    165   SBS        -0.44063         0.32146     -1000.00000      1000.00000         0.00151    410
     166  x    166    BS        -0.24063          .             -9.42478         6.28319         0.00884    411
     167  x    167    BS         1.36809          .          -1000.00000      1000.00000        -0.00038    412
     168  x    168 A  FR         4.46642         0.08616     -1000.00000      1000.00000         0.02769    413
     169  x    169 A  FR          .             -0.02073     -1000.00000      1000.00000        -0.00666    414
     170  x    170 A  FR          .              0.11781     -1000.00000      1000.00000         0.03781    415
     171  x    171    BS        -0.11909          .             -9.42478         6.28319        -0.00212    416
     172  x    172    BS         0.06604          .          -1000.00000      1000.00000        -0.00043    417
     173  x    173 A  FR         0.75401         0.01454     -1000.00000      1000.00000         0.03178    418
     174  x    174 A  FR          .             -0.00173     -1000.00000      1000.00000        -0.00379    419
     175  x    175 A  FR          .              0.00095     -1000.00000      1000.00000         0.00208    420
     176  x    176    BS        -0.22583          .             -9.42478         6.28319        -0.02140    421
     177  x    177    BS        -1.32556          .          -1000.00000      1000.00000        -0.00048    422
     178  x    178 A  FR        -3.00950        -0.05805     -1000.00000      1000.00000         0.03404    423
     179  x    179 A  FR          .              0.01312     -1000.00000      1000.00000        -0.00768    424
     180  x    180 A  FR          .              0.07699     -1000.00000      1000.00000        -0.04510    425
     181  x    181    BS        -0.56831          .             -9.42478         6.28319        -0.04833    426
     182  x    182    BS        -2.71565          .          -1000.00000      1000.00000        -0.00040    427
     183  x    183 A  FR        -6.50894        -0.12556     -1000.00000      1000.00000         0.03228    428
     184  x    184 A  FR          .              0.07139     -1000.00000      1000.00000        -0.01832    429
     185  x    185 A  FR          .              0.34104     -1000.00000      1000.00000        -0.08763    430
     186  x    186    BS        -1.12320          .             -9.42478         6.28319        -0.02741    431
     187  x    187    BS        -3.83204        -0.02831     -1000.00000      1000.00000        -0.00315    432
     188  x    188 A  FR        -9.15457        -0.19776     -1000.00000      1000.00000         0.00276    433
     189  x    189 A  FR          .              0.22218     -1000.00000      1000.00000        -0.00305    434
     190  x    190   SBS         0.28628         0.75784     -1000.00000      1000.00000        -0.01057    435
     191  x    191    BS        -1.80610         0.01601        -9.42478         6.28319        -0.00165    436
     192  x    192    BS        -4.22621        -0.02199     -1000.00000      1000.00000         0.00481    437
     193  x    193 A  FR       -10.16920        -0.20804     -1000.00000      1000.00000        -0.00208    438
     194  x    194   SBS        -0.15393         0.37580     -1000.00000      1000.00000         0.00382    439
     195  x    195   SBS         0.21144         0.87919     -1000.00000      1000.00000         0.00879    440
     196  x    196    BS        -2.47886         0.03426        -9.42478         6.28319        -0.02468    441
     197  x    197    BS        -3.71234        -0.02291     -1000.00000      1000.00000         0.00446    442
     198  x    198 A  FR        -9.24757        -0.17841     -1000.00000      1000.00000        -0.00605    443
     199  x    199   SBS        -0.38403         0.44231     -1000.00000      1000.00000         0.01505    444
     200  x    200   SBS         0.25685         0.66226     -1000.00000      1000.00000         0.02241    445
     201  x    201    BS        -3.01516         0.02376        -9.42478         6.28319        -0.01479    446
     202  x    202    BS        -2.61607        -0.01288     -1000.00000      1000.00000         0.00301    447
     203  x    203 A  FR        -6.90157        -0.12103     -1000.00000      1000.00000        -0.00800    448
     204  x    204   SBS        -0.39260         0.36496     -1000.00000      1000.00000         0.02413    449
     205  x    205   SBS         0.21284         0.31657     -1000.00000      1000.00000         0.02086    450
     206  x    206    BS        -3.34964         0.01005        -9.42478         6.28319        -0.00832    451
     207  x    207    BS        -1.33071         0.00333     -1000.00000      1000.00000        -0.00031    452
     208  x    208 A  FR        -3.99023        -0.04184     -1000.00000      1000.00000         0.00239    453
     209  x    209   SBS        -0.48041         0.14016     -1000.00000      1000.00000        -0.00801    454
     210  x    210   SBS        -0.15931         0.05566     -1000.00000      1000.00000        -0.00321    455
     211  x    211    BS        -3.46275        -0.00546        -9.42478         6.28319         0.00006    456
     212  x    212    BS        -0.00409          .          -1000.00000      1000.00000         0.00022    457
     213  x    213   SBS        -0.23140         0.02487     -1000.00000      1000.00000        -0.00132    458
     214  x    214   SBS        -0.43911        -0.08611     -1000.00000      1000.00000         0.00458    459
     215  x    215 A  FR          .             -0.00009     -1000.00000      1000.00000         0.00000    460
     216  x    216    BS        -3.34377        -0.01127        -9.42478         6.28319         0.00295    461
     217  x    217    BS         1.40807         0.05028     -1000.00000      1000.00000        -0.00050    462
     218  x    218   SBS         2.70444         0.09585     -1000.00000      1000.00000        -0.00193    463
     219  x    219   SBS        -0.23510        -0.32049     -1000.00000      1000.00000         0.00646    464
     220  x    220   SBS         1.04930         0.13503     -1000.00000      1000.00000        -0.00268    465
     221  x    221    BS        -2.97417        -0.04798        -9.42478         6.28319         0.00523    466
     222  x    222    BS         2.95327         0.02985     -1000.00000      1000.00000        -0.00044    467
     223  x    223   SBS         5.83931         0.16622     -1000.00000      1000.00000        -0.00195    468
     224  x    224   SBS        -0.57732        -0.49434     -1000.00000      1000.00000         0.00583    469
     225  x    225   SBS         0.35911         0.49104     -1000.00000      1000.00000        -0.00569    470
     226  x    226    BS        -2.34932        -0.17699        -9.42478         6.28319         0.00019    471
     227  x    227    BS         4.41990        -0.00874     -1000.00000      1000.00000         0.00050    472
     228  x    228   SBS         8.18968         0.22317     -1000.00000      1000.00000        -0.00115    473
     229  x    229   SBS        -1.58603        -0.52422     -1000.00000      1000.00000         0.00274    474
     230  x    230   SBS        -0.07831         0.98653     -1000.00000      1000.00000        -0.00498    475
     231  x    231    BS        -1.53325        -0.21808        -9.42478         6.28319        -0.00064    476
     232  x    232    BS         5.20978         0.06521     -1000.00000      1000.00000        -0.00138    477
     233  x    233   SBS         7.49594         0.24902     -1000.00000      1000.00000         0.00334    478
     234  x    234   SBS        -1.75144        -0.38171     -1000.00000      1000.00000        -0.00505    479
     235  x    235    BS         0.52373         1.29741     -1000.00000      1000.00000         0.01742    480
     236  x    236    BS        -0.67842        -0.09961        -9.42478         6.28319        -0.01986    481
     237  x    237    BS         4.87719         0.04018     -1000.00000      1000.00000        -0.00117    482
     238  x    238   SBS         9.24261         0.22372     -1000.00000      1000.00000         0.00075    483
     239  x    239   SBS        -0.89045        -0.15169     -1000.00000      1000.00000        -0.00045    484
     240  x    240   SBS         0.35915         1.09104     -1000.00000      1000.00000         0.00357    485
     241  x    241    BS         0.05667          .             -9.42478         6.28319        -0.04396    486
     242  x    242    BS         3.79688         0.00531     -1000.00000      1000.00000         0.00108    487
     243  x    243 A  FR         8.45586         0.16775     -1000.00000      1000.00000        -0.00233    488
     244  x    244 A  FR          .              0.00956     -1000.00000      1000.00000        -0.00010    489
     245  x    245   SBS         0.06327         0.63682     -1000.00000      1000.00000        -0.00891    490
     246  x    246    BS         0.60356          .             -9.42478         6.28319        -0.01584    491
     247  x    247    BS         2.65637        -0.01053     -1000.00000      1000.00000        -0.00073    492
     248  x    248 A  FR         6.28407         0.11155     -1000.00000      1000.00000         0.00064    493
     249  x    249 A  FR          .              0.06735     -1000.00000      1000.00000         0.00040    494
     250  x    250   SBS        -0.18872         0.29628     -1000.00000      1000.00000         0.00167    495
     251  x    251    BS         0.98020        -0.02004        -9.42478         6.28319        -0.00207    496
     252  x    252    BS         1.78798        -0.00119     -1000.00000      1000.00000         0.00009    497
     253  x    253   SBS         3.85238         0.06041     -1000.00000      1000.00000         0.00043    498
     254  x    254   SBS        -0.66339         0.05922     -1000.00000      1000.00000         0.00043    499
     255  x    255   SBS        -0.03947         0.10799     -1000.00000      1000.00000         0.00075    500
     256  x    256    BS         1.23493        -0.00728        -9.42478         6.28319        -0.00053    501
     257  x    257    BS         1.21781        -0.00235     -1000.00000      1000.00000        -0.00012    502
     258  x    258   SBS         2.22409         0.01969     -1000.00000      1000.00000         0.00123    503
     259  x    259   SBS        -0.73925         0.02432     -1000.00000      1000.00000         0.00153    504
     260  x    260   SBS        -0.23839         0.02398     -1000.00000      1000.00000         0.00150    505
     261  x    261    BS         1.41270         0.00977        -9.42478         6.28319        -0.00029    506
     262  x    262    BS         0.87991         0.00463     -1000.00000      1000.00000        -0.00006    507
     263  x    263   SBS         0.96436        -0.01855     -1000.00000      1000.00000         0.00103    508
     264  x    264   SBS        -1.05265        -0.02621     -1000.00000      1000.00000         0.00146    509
     265  x    265   SBS        -0.49901        -0.01632     -1000.00000      1000.00000         0.00090    510
     266  x    266    BS         1.54700         0.05112        -9.42478         6.28319        -0.00005    511
     267  x    267    BS         0.70488         0.02569     -1000.00000      1000.00000         0.00007    512
     268  x    268   SBS        -0.06500        -0.06186     -1000.00000      1000.00000         0.00076    513
     269  x    269   SBS        -1.65259        -0.09570     -1000.00000      1000.00000         0.00118    514
     270  x    270   SBS        -0.83041        -0.04360     -1000.00000      1000.00000         0.00054    515
     271  x    271    BS         1.66092         0.15870        -9.42478         6.28319         0.00045    516
     272  x    272    BS         0.63936         0.08539     -1000.00000      1000.00000         0.00040    517
     273  x    273   SBS        -1.00169        -0.12088     -1000.00000      1000.00000         0.00035    518
     274  x    274   SBS        -2.62584        -0.20077     -1000.00000      1000.00000         0.00058    519
     275  x    275   SBS        -1.41285        -0.07727     -1000.00000      1000.00000         0.00022    520
     276  x    276    BS         1.76906         0.43492        -9.42478         6.28319         0.00124    521
     277  x    277    BS         0.63665         0.26074     -1000.00000      1000.00000         0.00106    522
     278  x    278   SBS        -1.97139        -0.20993     -1000.00000      1000.00000        -0.00027    523
     279  x    279   SBS        -4.14346        -0.37138     -1000.00000      1000.00000        -0.00049    524
     280  x    280   SBS        -2.48402        -0.13365     -1000.00000      1000.00000        -0.00017    525
     281  x    281    BS         1.87739         1.14161        -9.42478         6.28319         0.00130    526
     282  x    282    BS         0.64163         0.74310     -1000.00000      1000.00000         0.00139    527
     283  x    283   SBS        -3.10821        -0.34932     -1000.00000      1000.00000        -0.00073    528
     284  x    284   SBS        -6.53615        -0.65580     -1000.00000      1000.00000        -0.00138    529
     285  x    285   SBS        -4.25449        -0.22410     -1000.00000      1000.00000        -0.00047    530
     286  x    286    BS         1.97976         3.05474        -9.42478         6.28319         0.00201    531
     287  x    287    BS         0.56632         1.80242     -1000.00000      1000.00000         0.00171    532
     288  x    288   SBS        -4.70027        -0.56949     -1000.00000      1000.00000        -0.00055    533
     289  x    289   SBS       -10.72770        -1.12744     -1000.00000      1000.00000        -0.00109    534
     290  x    290   SBS        -6.32978        -0.32244     -1000.00000      1000.00000        -0.00031    535
     291  x    291    BS         2.04928         8.58770        -9.42478         6.28319        -0.02136    536
     292  x    292    BS         0.25412         2.15790     -1000.00000      1000.00000        -0.00540    537
     293  x    293   SBS        -7.93960        -0.91680     -1000.00000      1000.00000         0.00104    538
     294  x    294    BS       -18.73400        -1.87878     -1000.00000      1000.00000         0.00214    539
     295  x    295   SBS        -4.70744        -0.23305     -1000.00000      1000.00000         0.00027    540
     296  x    296    BS         2.07080         3.37092        -9.42478         6.28319         0.01510    541
     297  x    297    BS        -0.00027          .          -1000.00000      1000.00000         0.00000    542
     298  x    298   SBS        -4.77653        -0.56706     -1000.00000      1000.00000        -0.00127    543
     299  x    299   SBS       -11.88910        -1.17427     -1000.00000      1000.00000        -0.00264    544
     300  x    300 A  FR          .              0.00007     -1000.00000      1000.00000         0.00000    545
     301  x    301    BS        -1.57038          .             -9.42478         6.28319        -0.00000    546
     302  x    302    BS        -0.00000          .          -1000.00000      1000.00000        -0.00000    547
     303  x    303    BS        -1.56194          .             -9.42478         6.28319        -0.00000    548
     304  x    304    BS         0.09957          .          -1000.00000      1000.00000         0.00000    549
     305  x    305    BS        -1.53155          .             -9.42478         6.28319        -0.00000    550
     306  x    306    BS         0.25901          .          -1000.00000      1000.00000         0.00000    551
     307  x    307    BS        -1.47525          .             -9.42478         6.28319        -0.00000    552
     308  x    308    BS         0.40529          .          -1000.00000      1000.00000         0.00000    553
     309  x    309    BS        -1.40223          .             -9.42478         6.28319         0.00000    554
     310  x    310    BS         0.45637          .          -1000.00000      1000.00000         0.00000    555
     311  x    311    BS        -1.33360          .             -9.42478         6.28319         0.00000    556
     312  x    312    BS         0.35349          .          -1000.00000      1000.00000         0.00000    557
     313  x    313    BS        -1.29657          .             -9.42478         6.28319         0.00000    558
     314  x    314    BS         0.08341          .          -1000.00000      1000.00000         0.00000    559
     315  x    315    BS        -1.31594          .             -9.42478         6.28319         0.00000    560
     316  x    316    BS        -0.31194          .          -1000.00000      1000.00000        -0.00000    561
     317  x    317    BS        -1.40509          .             -9.42478         6.28319         0.00000    562
     318  x    318    BS        -0.73995          .          -1000.00000      1000.00000        -0.00000    563
     319  x    319    BS        -1.55910          .             -9.42478         6.28319         0.00000    564
     320  x    320    BS        -1.07745          .          -1000.00000      1000.00000        -0.00000    565
     321  x    321    BS        -1.75120         0.06354        -9.42478         6.28319         0.00032    566
     322  x    322    BS        -1.18924          .          -1000.00000      1000.00000         0.00000    567
     323  x    323    BS        -1.93825          .             -9.42478         6.28319         0.00000    568
     324  x    324    BS        -1.01801          .          -1000.00000      1000.00000         0.00001    569
     325  x    325    BS        -2.07376          .             -9.42478         6.28319         0.00001    570
     326  x    326    BS        -0.58104          .          -1000.00000      1000.00000         0.00001    571
     327  x    327    BS        -2.11726          .             -9.42478         6.28319         0.00002    572
     328  x    328    BS         0.06779          .          -1000.00000      1000.00000         0.00000    573
     329  x    329    BS        -2.04293          .             -9.42478         6.28319         0.00002    574
     330  x    330    BS         0.80929          .          -1000.00000      1000.00000        -0.00000    575
     331  x    331    BS        -1.84889          .             -9.42478         6.28319         0.00001    576
     332  x    332    BS         1.48042          .          -1000.00000      1000.00000        -0.00001    577
     333  x    333    BS        -1.56377         0.02048        -9.42478         6.28319        -0.00059    578
     334  x    334    BS         1.88392        -0.02402     -1000.00000      1000.00000         0.00075    579
     335  x    335    BS        -1.24554          .             -9.42478         6.28319         0.00003    580
     336  x    336    BS         1.87119        -0.05584     -1000.00000      1000.00000         0.00075    581
     337  x    337    BS        -0.96507          .             -9.42478         6.28319         0.00007    582
     338  x    338    BS         1.43840          .          -1000.00000      1000.00000         0.00002    583
     339  x    339    BS        -0.78584          .             -9.42478         6.28319         0.00011    584
     340  x    340    BS         0.67653          .          -1000.00000      1000.00000        -0.00001    585
     341  x    341    BS        -0.75346          .             -9.42478         6.28319         0.00013    586
     342  x    342    BS        -0.29446          .          -1000.00000      1000.00000        -0.00003    587
     343  x    343    BS        -0.89026          .             -9.42478         6.28319         0.00010    588
     344  x    344    BS        -1.31979          .          -1000.00000      1000.00000        -0.00005    589
     345  x    345    BS        -1.18789          .             -9.42478         6.28319         0.00004    590
     346  x    346    BS        -2.19225         0.00784     -1000.00000      1000.00000         0.00138    591
     347  x    347    BS        -1.59843         0.02088        -9.42478         6.28319         0.00319    592
     348  x    348    BS        -2.65205         0.02085     -1000.00000      1000.00000         0.00411    593
     349  x    349    BS        -2.03713         0.02351        -9.42478         6.28319         0.00200    594
     350  x    350    BS        -2.52472         0.02127     -1000.00000      1000.00000         0.00214    595
     351  x    351    BS        -2.40822         0.02684        -9.42478         6.28319        -0.00218    596
     352  x    352    BS        -1.85405          .          -1000.00000      1000.00000         0.00010    597
     353  x    353    BS        -2.63609          .             -9.42478         6.28319         0.00069    598
     354  x    354    BS        -0.83482          .          -1000.00000      1000.00000         0.00006    599
     355  x    355    BS        -2.67603          .             -9.42478         6.28319         0.00082    600
     356  x    356    BS         0.36355          .          -1000.00000      1000.00000         0.00005    601
     357  x    357    BS        -2.50818          .             -9.42478         6.28319         0.00067    602
     358  x    358    BS         1.61707          .          -1000.00000      1000.00000         0.00003    603
     359  x    359    BS        -2.13969        -0.01204        -9.42478         6.28319        -0.00123    604
     360  x    360    BS         2.73113         0.00828     -1000.00000      1000.00000         0.00172    605
     361  x    361    BS        -1.62251         0.01533        -9.42478         6.28319         0.00602    606
     362  x    362    BS         3.37149        -0.01350     -1000.00000      1000.00000        -0.00767    607
     363  x    363    BS        -1.05925          .             -9.42478         6.28319        -0.00004    608
     364  x    364    BS         3.27507        -0.01985     -1000.00000      1000.00000        -0.00273    609
     365  x    365    BS        -0.56901          .             -9.42478         6.28319        -0.00046    610
     366  x    366    BS         2.50976        -0.02821     -1000.00000      1000.00000        -0.00021    611
     367  x    367    BS        -0.24049          .             -9.42478         6.28319        -0.00133    612
     368  x    368    BS         1.36669          .          -1000.00000      1000.00000        -0.00038    613
     369  x    369    BS        -0.11918          .             -9.42478         6.28319        -0.00221    614
     370  x    370    BS         0.06483          .          -1000.00000      1000.00000        -0.00043    615
     371  x    371    BS        -0.22614          .             -9.42478         6.28319        -0.00257    616
     372  x    372    BS        -1.32697          .          -1000.00000      1000.00000        -0.00048    617
     373  x    373    BS        -0.56882          .             -9.42478         6.28319        -0.00194    618
     374  x    374    BS        -2.71669          .          -1000.00000      1000.00000        -0.00040    619
     375  x    375    BS        -1.12383          .             -9.42478         6.28319        -0.00088    620
     376  x    376    BS        -3.83239        -0.02831     -1000.00000      1000.00000         0.00430    621
     377  x    377    BS        -1.80674         0.01601        -9.42478         6.28319        -0.00180    622
     378  x    378    BS        -4.22601        -0.02199     -1000.00000      1000.00000        -0.00067    623
     379  x    379    BS        -2.47942         0.03426        -9.42478         6.28319        -0.00104    624
     380  x    380    BS        -3.71155        -0.02291     -1000.00000      1000.00000         0.00042    625
     381  x    381    BS        -3.01557         0.02376        -9.42478         6.28319        -0.00228    626
     382  x    382    BS        -2.61498        -0.01288     -1000.00000      1000.00000        -0.00241    627
     383  x    383    BS        -3.34987         0.01005        -9.42478         6.28319         0.00140    628
     384  x    384    BS        -1.32985         0.00333     -1000.00000      1000.00000         0.00159    629
     385  x    385    BS        -3.46282        -0.00546        -9.42478         6.28319         0.00128    630
     386  x    386    BS        -0.00294          .          -1000.00000      1000.00000         0.00022    631
     387  x    387    BS        -3.34362        -0.01127        -9.42478         6.28319         0.00159    632
     388  x    388    BS         1.40950         0.05029     -1000.00000      1000.00000        -0.00008    633
     389  x    389    BS        -2.97376        -0.04798        -9.42478         6.28319         0.00109    634
     390  x    390    BS         2.95488         0.02985     -1000.00000      1000.00000         0.00000    635
     391  x    391    BS        -2.34867        -0.17697        -9.42478         6.28319         0.00201    636
     392  x    392    BS         4.42114        -0.00874     -1000.00000      1000.00000        -0.00069    637
     393  x    393    BS        -1.53245        -0.21806        -9.42478         6.28319        -0.00275    638
     394  x    394    BS         5.21027         0.06521     -1000.00000      1000.00000         0.00061    639
     395  x    395    BS        -0.67766        -0.09960        -9.42478         6.28319        -0.00285    640
     396  x    396    BS         4.87628         0.04017     -1000.00000      1000.00000         0.00147    641
     397  x    397    BS         0.05725          .             -9.42478         6.28319        -0.00004    642
     398  x    398    BS         3.79567         0.00531     -1000.00000      1000.00000        -0.00408    643
     399  x    399    BS         0.60397          .             -9.42478         6.28319        -0.00015    644
     400  x    400    BS         2.65557        -0.01053     -1000.00000      1000.00000         0.00041    645
     401  x    401    BS         0.98049        -0.02004        -9.42478         6.28319        -0.00049    646
     402  x    402    BS         1.78737        -0.00119     -1000.00000      1000.00000        -0.00133    647
     403  x    403    BS         1.23513        -0.00728        -9.42478         6.28319        -0.00030    648
     404  x    404    BS         1.21741        -0.00235     -1000.00000      1000.00000        -0.00028    649
     405  x    405    BS         1.41283         0.00976        -9.42478         6.28319        -0.00021    650
     406  x    406    BS         0.87951         0.00463     -1000.00000      1000.00000        -0.00007    651
     407  x    407    BS         1.54708         0.05112        -9.42478         6.28319        -0.00010    652
     408  x    408    BS         0.70466         0.02568     -1000.00000      1000.00000         0.00004    653
     409  x    409    BS         1.66097         0.15870        -9.42478         6.28319         0.00034    654
     410  x    410    BS         0.63917         0.08539     -1000.00000      1000.00000         0.00036    655
     411  x    411    BS         1.76909         0.43492        -9.42478         6.28319         0.00114    656
     412  x    412    BS         0.63661         0.26074     -1000.00000      1000.00000         0.00103    657
     413  x    413    BS         1.87739         1.14156        -9.42478         6.28319         0.00125    658
     414  x    414    BS         0.64144         0.74306     -1000.00000      1000.00000         0.00138    659
     415  x    415    BS         1.97973         3.05455        -9.42478         6.28319         0.00200    660
     416  x    416    BS         0.56608         1.80231     -1000.00000      1000.00000         0.00170    661
     417  x    417    BS         2.04925         8.58771        -9.42478         6.28319        -0.02132    662
     418  x    418    BS         0.25427         2.15790     -1000.00000      1000.00000        -0.00540    663
     419  x    419    BS         2.07080         3.37092        -9.42478         6.28319         0.01508    664
     420  x    420    BS         0.00001          .          -1000.00000      1000.00000         0.00000    665
 
 Time for MPS input                             0.00 seconds
 Time for solving problem                       0.87 seconds
 Time for solution output                       0.01 seconds
 Time for constraint functions                  0.88 seconds
 Time for objective function                    0.00 seconds
