      Warm start
1
 
 Parameters
 ==========

 Files
 -----
 Solution file..........         0       Old basis file ........         0       Standard input.........         5
 Insert file............         0       New basis file ........         0       (Printer)..............         9
 Punch file.............         0       Backup basis file......         0       (Specs file)...........         4
 Load file..............         0       Dump file..............         0       Standard output........         6

 Frequencies
 -----------
 Print frequency........       100       Check frequency........        60       Save new basis map.....       100
 Summary frequency......       100       Factorization frequency        50       Expand frequency.......     10000

 QP subproblems
 --------------
 QPsolver Cholesky......
 Scale tolerance........     0.900       Minor feasibility tol..  1.00E-02       Iteration limit........   1000000
 Scale option...........         0       Minor optimality  tol..  1.00E-06       Minor print level......         1
 Crash tolerance........     0.100       Pivot tolerance........  3.25E-11       New superbasics........        99
 Crash option...........         3       Elastic weight.........  1.00E+05

 Partial pricing
 ---------------
 LP Partial price.......         1       Prtl price section ( A)      9003       Prtl price section (-I)      9001
 QP Partial price.......         1       Prtl price section ( A)      9003       Prtl price section (-I)      9001

 Conjugate-gradient QP solver
 ----------------------------
 Subspace tolerance.....   0.10000       CG tolerance...........  1.00E-02       CG Iterations..........       100
                                                                                 CG preconditioning.....         0

 The SQP Method
 --------------
 Minimize...............                 Warm start.............                 Proximal Point method..         1
 Nonlinear objectiv vars      4500       Objective Row..........         1       Function precision.....  3.00E-13
 Unbounded step size....  1.00E+20       Superbasics limit......      9003       Difference interval....  5.48E-07
 Unbounded objective....  1.00E+10       Reduced Hessian dim....      2000       Central difference int.  6.70E-05
 Major step limit.......  2.00E+00       Derivative linesearch..                 Derivative option......         1
 Major iterations limit.     20000       Linesearch tolerance...   0.90000       Verify level...........         0
 Minor iterations limit.     50000       Penalty parameter......  0.00E+00       Major Print Level......         1
 Time limit (secs)...... 9999999.0       Major optimality tol...  1.00E-04

 Hessian Approximation
 ---------------------
 Limited-Memory Hessian.                 Hessian updates........         5       Hessian frequency......  99999999
                                                                                 Hessian flush..........  99999999

 Nonlinear constraints
 ---------------------
 Nonlinear constraints..      9000       Major feasibility tol..  1.00E-02       Violation limit........  1.00E+01
 Nonlinear Jacobian vars      9003

 Miscellaneous
 -------------
 LU factor tolerance....      3.99       LU singularity tol.....  3.25E-11       Timing level...........         3
 LU update tolerance....      3.99       LU swap tolerance......  1.22E-04       Debug level............         0
 LU partial  pivoting...                 eps (machine precision)  2.22E-16       System information.....        No
                                                                                 Sticky parameters......        No

 Total char*8  workspace       500       Total integer workspace   1109279       Total real    workspace   3395070
 Total char*8  (minimum)       500       Total integer (minimum)    540098       Total real    (minimum)   3069954
 
1
 

 

 Matrix statistics
 -----------------
               Total      Normal        Free       Fixed     Bounded
 Rows           9001           0           1        9000           0
 Columns        9003           0           0           0        9003

 No. of matrix elements                44880     Density       0.055
 Biggest  constant element        0.0000E+00  (excluding fixed columns,
 Smallest constant element        0.0000E+00   free rows, and RHS)

 No. of objective coefficients             0

 Nonlinear constraints    9000     Linear constraints       1
 Nonlinear variables      9003     Linear variables         0
 Jacobian  variables      9003     Objective variables   4500
 Total constraints        9001     Total variables       9003
1
 

 WARNING:      1 basics specified; preferably should have been   9001
 Singular(m=n)  rank        1  n-rank    9000  nsing     9000
 Itn      0: BR factorize
 Singular(m=n)  rank        1  n-rank    9000  nsing     9000
 Itn      0: LU partial  pivoting tols       2.00      2.00

 Itn      0: Feasible linear rows

 
 The user has defined   49380   out of   49380   first  derivatives

 Cheap test of user-supplied problem derivatives...

 The constraint gradients seem to be OK.

 -->  The largest discrepancy was    4.74E-07  in constraint 11468
 

 The objective  gradients seem to be OK.

 Gradient projected in one direction   3.25711356489E-12
 Difference approximation              4.00763179502E-11
1
 
 Itn      0: Hessian set to a scaled identity matrix

    Itn     FP mult  FP step   rgNorm          NumInf         SumInf   +SBS   -SBS    -BS    Pivot     L+U ncp    nS condZHZ
    100    -2.9E+02  4.9E-09                     1465  5.9176289E+02    488    488   9497             9374
    200    -4.2E+02  4.9E-09                     1465  5.9176274E+02   1088   1088  10097             9774
    300    -7.8E+02  4.9E-09                     1465  5.9176240E+02   1688   1688  10697            10174
    400    -2.2E+02  1.4E-03                     1384  5.7081391E+02    501    501   9504            10693
    500    -2.0E+02  3.4E-03                     1284  5.2929203E+02   1113   1113  10122            10888
    600     2.0E+02  3.4E-03                     1191  4.8887466E+02   1875   1875  10878            11141
    700    -3.7E+02  4.9E-09                     1188  4.8760926E+02   2432   2432  11441            11538
    800    -9.8E+03  4.9E-09                     1185  4.8685298E+02   3014   3014  12023            11941
    900     4.4E+03  4.9E-09                     1184  4.8608384E+02   2529   2529  12144            12544
   1000    -2.1E+02  3.1E-05                     1084  4.4831313E+02   2385   2385  11382            12854
   1100    -2.1E+02  4.2E-04                      984  4.0078032E+02   2709   2709  11706            13207
   1200     2.4E+02  4.9E-09                      901  3.6613810E+02   3698   3698  12707            13530
   1300     4.2E+02  4.9E-09                      901  3.6613791E+02   4298   4298  13307            13933
   1400     4.2E+02  4.9E-09                      901  3.6613772E+02   4898   4898  13907            14332
   1500    -1.8E+04  4.9E-09                      884  3.6113413E+02   4617   4617  13026            14887
   1600     2.0E+02  1.1E-04                      785  3.2454324E+02   4425   4425  13428            15273
   1700    -2.3E+02  8.3E-04                      686  2.8837526E+02   4809   4809  13812            15449
   1800    -2.0E+04  4.9E-09                      621  2.6065780E+02   5654   5654  14663            15718
   1900    -2.0E+04  4.9E-09                      621  2.6064797E+02   6254   6254  15263            16118
   2000    -2.0E+04  4.9E-09                      620  2.6063217E+02   6854   6854  15863            16519
   2100    -4.5E+02  1.2E-08                      582  2.5076503E+02   6531   6531  15276            17131
   2200    -2.1E+02  3.0E-03                      484  2.0638041E+02   5757   5757  14760            17369
   2300    -2.2E+02  1.6E-03                      384  1.5997980E+02   6657   6657  15666            17656
   2400     2.6E+02  4.9E-09                      316  1.2934177E+02   7388   7388  16397            17808
   2500     3.2E+02  4.9E-09                      316  1.2934163E+02   7988   7988  16997            18208
   2600    -5.4E+02  4.9E-09                      313  1.2767622E+02   8570   8570  17579            18614
   2700    -2.2E+02  1.7E-03                      288  1.2096582E+02   8067   8067  17106            19223
   2800    -2.5E+02  4.0E-04                      190  7.7734846E+01   7713   7713  16710            19469
   2900    -1.8E+03  1.4E-04                       90  3.4285298E+01   8745   8745  17634            19611
   3000    -2.4E+01  2.1E-10                        1  1.8920378E+00   3635   3635  12644            19833
   3100    -1.0E+00  3.1E-09                        1  1.8920347E+00   4211   4211  13220            26083
   3200    -2.1E+00  1.4E-09                        1  1.8920343E+00   2753   2753  13508            26115
   3300    -1.1E+00  2.8E-09                        1  1.8920338E+00   6599   6599  15608            26168

 lu8rpc  warning.  Singularity after replacing column.    jrep =    3899    diag =   -1.58E+30
   3400    -1.0E+01  3.0E-10                        1  1.8920329E+00   7091   7091  16100 -1.6E+02   29948
   3500    -1.1E+01  2.7E-10                        1  1.8920304E+00   2993   2993  12002 -1.7E+02   30154
   3600    -8.8E+00  3.6E-10                        1  1.8920279E+00   3593   3593  12602 -1.6E+02   30418
   3700    -1.2E+01  2.8E-10                        1  1.8920237E+00   6202   6202  15211 -1.5E+02   30401
   3800    -1.1E+01  2.8E-10                        1  1.8920197E+00   8422   8422  17431 -1.6E+02   30742
   3900    -1.4E+01  1.8E-10                        1  1.8920158E+00   1054   1054  10063 -1.9E+02   30838
   4000    -9.7E+00  3.0E-10                        1  1.8920122E+00   1036   1036  10045 -1.7E+02   30884

 lu8rpc  warning.  Singularity after replacing column.    jrep =    6049    diag =    0.00E+00

    Itn     FP mult  FP step   rgNorm          NumInf         SumInf   +SBS   -SBS    -BS    Pivot     L+U ncp    nS condZHZ
   4100     2.1E-01  1.1E-03                        1  1.8857980E+00   3703   3703  12706  1.1E-01   31560

 lu8rpc  warning.  Singularity after replacing column.    jrep =    1354    diag =   -1.24E+01
   4200     7.3E-02  1.6E-03                        1  1.8745348E+00   3859   3859  12862  1.1E-01   34368
   4300     2.3E+08  3.7E-16                        1  1.8735106E+00    978    978   9999 -2.9E-02   33646

 lu8rpc  warning.  Singularity after replacing column.    jrep =    2207    diag =    1.05E+06
 Itn   4301: LU partial  pivoting tols       1.41      1.41
   4400    -2.3E+02  1.2E-11                        1  1.8650484E+00   3088   3088  12097 -1.8E+02   34088
   4500    -2.9E+02  1.1E-11                        1  1.8631700E+00   5176   5176  14185 -1.6E+02   34005
   4600    -3.5E+02  9.8E-12                        1  1.8630623E+00    388    388   9397 -1.4E+02   34675
   4700    -2.2E+02  1.4E-11                        1  1.8619426E+00   2032   2032  11041 -1.5E+02   34937
   4800    -3.1E+02  1.1E-11                        1  1.8616587E+00   2249   2249  11258 -1.5E+02   34664
   4900    -2.4E+02  1.3E-11                        1  1.8615604E+00   2309   2309  11318 -1.6E+02   34719
   5000    -2.6E+02  1.3E-11                        1  1.8614581E+00   5692   5692  14701 -1.5E+02   34935
   5100    -2.8E+02  2.7E-09                        1  1.8611485E+00   1943   1943  10952 -1.1E+02   35508
   5200    -3.5E+02  1.0E-11                        1  1.8610479E+00   5849   5849  14858 -1.4E+02   35360
   5300    -3.3E+02  8.6E-12                        1  1.8609298E+00   6868   6868  15877 -1.7E+02   35955
   5400    -1.8E+02  1.5E-11                        1  1.8608603E+00    221    221   9230 -1.8E+02   36142
   5500    -1.0E+02  2.7E-11                        1  1.8608241E+00   7132   7132  16141 -1.8E+02   36459
   5600    -4.9E+01  6.9E-11                        1  1.8607883E+00     41     41   9050 -1.4E+02   36487
   5700    -1.1E+02  2.8E-11                        1  1.8606137E+00   4876   4876  13573 -1.6E+02   36480
   5800    -1.2E+02  2.6E-11                        1  1.8604429E+00   1732   1732  11887 -1.6E+02   36697
   5900    -1.4E+02  2.2E-11                        1  1.8602616E+00   1810   1810  16478 -1.6E+02   36997
   6000    -9.0E+01  2.8E-11                        1  1.8601265E+00    520    520   9529 -2.0E+02   37430
   6100    -1.8E+03  1.7E-12                        1  1.8426870E+00   8561   8561  10538 -1.6E+02   38006
   6200              6.9E-02                     1709  1.4450980E+01   1194   1194  12702            46889
   6300     8.1E+01  3.2E-06                     1680  1.4245865E+01   6799   6799  15808 -1.5E-01   53402
   6400     3.9E+01  1.6E-05                     1641  1.3943133E+01   6649   6649  17955 -3.0E-02   49537
   6500     4.1E+01  4.0E-06                     1613  1.3719156E+01   6390   6390  15399 -1.2E-01   55833
   6600     6.6E+01  9.8E-05                     1579  1.3458663E+01   4687   4687  16275 -1.4E-01   51906
   6700     2.9E+01  1.4E-05                     1551  1.3233910E+01    571    571  13305 -3.5E-02   55103
   6800     2.0E+02  4.3E-06                     1508  1.2868847E+01     36     36   9268 -1.1E-01   55686
   6900     9.5E+01  3.5E-06                     1464  1.2520098E+01   7740   7740  16749 -1.4E-01   56243
   7000     1.8E+02  5.6E-06                     1413  1.2074446E+01   5719   5719  13179 -8.8E-02   58525
   7100     6.3E+01  4.2E-06                     1356  1.1648956E+01   4848   4848  13857 -1.2E-01   60705
   7200     1.9E+01  1.7E-05                     1216  1.0557940E+01   7741   7741  16851 -6.9E-02   60598
   7300     2.9E+01  4.5E-06                     1116  9.7833479E+00   2047   2047  13246 -1.1E-01   62146
   7400     3.8E+00  3.3E-03                      892  7.9957325E+00   7506   7506  13528 -9.1E-02   65636
   7500     4.0E+01  4.4E-06                      840  7.6456539E+00   5833   5833  14848 -1.1E-01   64159
   7600     3.7E+00  7.1E-06                      811  7.4297340E+00   4728   4728  16863 -6.9E-02   69788
   7700     1.3E+00  2.6E-05                      694  6.6667474E+00   5611   5611  14626 -1.9E-02   68187
   7800     1.1E-01  7.1E-02                      605  6.0256013E+00   5167   5167  14170  1.1E-01   74664
   7900    -2.2E+00  1.7E-05                      507  5.0913674E+00   1716   1716   2452  2.9E-02   71079
   8000     1.1E-01  8.8E-02                      414  4.2979793E+00   1326   1326  10329  1.1E-01   70846

    Itn     FP mult  FP step   rgNorm          NumInf         SumInf   +SBS   -SBS    -BS    Pivot     L+U ncp    nS condZHZ
   8100    -7.7E+00  4.4E-06                      364  3.8351386E+00   1141   1141  10150 -1.1E-01   72882
   8200     1.1E-01  6.6E-02                      314  3.3309531E+00   5496   5496  14499  1.1E-01   74015
   8300     1.1E-01  4.3E-06                      224  2.2063509E+00   4398   4398  13407 -1.1E-01   75128
   8400     1.1E-01  5.7E-02                      147  1.3875959E+00   1609   1609  10612  1.1E-01   76492
   8500     2.6E-01  4.4E-06                       92  8.8277854E-01    216    216   9225 -1.1E-01   79462
   8600    -4.7E-01  4.3E-06                       61  5.7899560E-01   1363   1363  10372 -1.1E-01   80683
   8700    -5.5E-01  4.1E-06                       61  5.7660872E-01   7038   7038  16047 -1.2E-01   80718
   8800     1.6E-01  4.4E-06                       23  1.6065452E-01   1501   1501   9453 -1.1E-01   83456
   8900     2.8E-01  4.2E-06                       27  1.5165966E-01   6744   6744  15753 -1.2E-01   82453
 Itn   8931: Infeasible QP subproblem
 Itn   8931: Elastic Phase 1 -- making non-elastic variables feasible
 Itn   8934: Infeasible subproblem. Elastic mode started with weight =  1.0E+05

    Itn     QP mult  QP step   rgNorm  SumInfE NonOpt Elastic QP obj   +SBS   -SBS    -BS    Pivot     L+U ncp    nS condZHZ
   9000              1.3E-02  4.1E-13  0.0E+00     14  3.2304793E+02          3531   2470 -2.4E-04   75909         1 5.0E+01
   9100              1.0E+00  5.6E-11  0.0E+00      1  3.4807528E+02                                 75431         4 1.2E+07
 

   Itns Major Minors    Step   nCon Feasible  Optimal  MeritFunction     L+U BSwap     nS condZHZ Penalty
   9102     0   9102              1  1.2E+00  1.0E+00  5.1310637E-08   75432            4 1.2E+07         _  r i
 Itn   9102: Hessian set to a scaled identity matrix
 Itn   9102: LU partial  pivoting tols       3.99      3.99

    Itn     QP mult  QP step   rgNorm  SumInfE NonOpt Elastic QP obj   +SBS   -SBS    -BS    Pivot     L+U ncp    nS condZHZ
   9202     7.9E+04  6.8E-03           6.4E-01     41  1.0700838E+05  10798  10798   1789 -5.2E+00  105668
   9302              1.0E+00  7.4E-09  6.7E-01     35  1.0633729E+05                                109557         2 1.4E+01
   9402              1.0E+00  1.4E-06  2.9E-01     25  5.3981717E+04                                114795         4 3.0E+07
   9502    -1.2E+04  7.4E-04  1.2E-08  2.6E-01     22  5.2330100E+04   2754   2754  11757  1.2E-01  107081         3 3.0E+07

   Itns Major Minors    Step   nCon Feasible  Optimal  MeritFunction     L+U BSwap     nS condZHZ Penalty
   9594     1    492 9.9E-02     11  1.1E+00  1.0E+00  5.3696606E+02  104717            7 3.0E+07 6.9E+01 _  r i
   9603     2      9 2.6E-02     22  1.0E+00  1.0E+00  1.5050744E+03  107421     7      4 3.7E+04 2.1E+02 _sm  i

    Itn     QP mult  QP step   rgNorm  SumInfE NonOpt Elastic QP obj   +SBS   -SBS    -BS    Pivot     L+U ncp    nS condZHZ
   9703              1.0E+00  1.5E-09  7.3E-02     17  7.8182955E+03                                111451         2 3.2E+09
   9803              1.0E+00  2.4E-10  3.8E-02     10  4.1040633E+03                                114207         2 5.8E+03

   Itns Major Minors    Step   nCon Feasible  Optimal  MeritFunction     L+U BSwap     nS condZHZ Penalty
   9875     3    272 1.1E-02     30  1.2E+00  1.0E+00  1.5189260E+03  111380            5 4.0E+04 2.1E+02 _    i
   9879     4      4 2.8E-01     33  9.1E-01  1.0E+00  1.3676350E+03  111274            4 9.3E+04 2.2E+02 _    i
   9882     5      3 1.0E+00     34  2.0E-01  3.2E-01  4.7186803E+02  111340            5 1.4E+05 2.5E+02 _    i
   9884     6      2 3.4E-03     38  2.0E-01  3.2E-01  1.4164711E+03  110135            5 1.1E+05 5.3E+03 _    i
 Itn   9884: Hessian off-diagonals discarded
   9886     7      2 2.2E-02     48  2.0E-01  3.1E-01  1.3993776E+03  109734     5      6 8.5E+05 5.3E+03 _  R i
   9893     8      7 1.0E+00     50  8.8E-02  2.1E-01  4.5662329E+02  111169           10 8.4E+05 5.3E+03 _sM  i
   9896     9      3 1.0E+00     52  2.1E-02  2.8E-01  1.2090770E+01  110833           12 8.5E+05 7.5E+04 _    i
   9899    10      3 3.7E-03     55  2.1E-02  1.9E-01  7.7474007E+02  110650           11 8.5E+05 1.4E+06 _    i
   9904    11      5 2.9E-04     59  2.1E-02  3.5E-01  1.3292432E+03  110833           10 8.5E+05 1.6E+06 _    i
   9910    12      6 3.8E-01     61  1.5E-02  4.2E-01  9.3721168E+02  111562           10 8.5E+05 1.6E+06 _    i
   9918    13      8 8.7E-02     63  1.4E-02  7.9E-01  8.7239693E+02  106071    10     10 7.6E+02 1.6E+06 _    i
 Itn   9918: Hessian off-diagonals discarded
   9926    14      8 1.1E-02     67  1.4E-02  8.5E-01  8.9335275E+02  107752           13 5.9E+04 1.7E+06 _  R i
   9937    15     11 9.0E-03     72  1.4E-02  3.7E-01  1.5101763E+03  108001           17 5.9E+04 2.1E+06 _  R i
   9943    16      6 1.0E+00     73 (4.3E-03) 4.9E-01  1.1725443E+03  109635           14 5.9E+04 2.1E+06 _s   i
   9954    17     11 1.3E-01     76 (6.0E-03) 4.6E-01  1.3714388E+03  107374           13 5.5E+04 6.8E+06 _    i
   9964    18     10 2.1E-01     78 (5.5E-03) 6.6E-01  1.9992988E+03  107315           12 4.9E+04 7.1E+06 _    i
   9981    19     17 1.0E+00     80  1.2E+00  1.4E+01 -2.2328842E+03  107466    10     13 3.9E+04 7.6E+03 _ m  i

   Itns Major Minors    Step   nCon Feasible  Optimal  MeritFunction     L+U BSwap     nS condZHZ Penalty
  10004    20     23 1.0E+00     82  2.3E+00  1.7E+01 -1.8342610E+04  107470           15 3.4E+08 4.9E+03 _ m  i
 Itn  10004: Hessian off-diagonals discarded
  10025    21     21 3.4E-02     85  2.2E+00  3.0E+01  3.4683258E+03  109996           17 8.8E+05 2.0E+03 _ MR i
  10038    22     13 1.0E+00     86  5.5E-01  1.5E+01  1.6555474E+04  110325           14 1.0E+06 4.6E+03 _s   i
  10061    23     23 1.0E+00     88  1.8E+01  4.9E+01  5.8526033E+03  108658           17 9.5E+05 5.5E+02 _ m  i
  10085    24     24 1.0E+00     96  5.7E+01  2.5E+00 -1.9511798E+05  102670           12 9.0E+07 4.5E+02 _ m  i
  10106    25     21 5.6E-01     99  3.0E+01  3.9E+01  5.7447392E+04  104505           11 1.7E+04 4.5E+02 _ m  i
  10130    26     24 2.1E-01    103  2.3E+01  1.1E+01  1.3294483E+05  104163           13 5.0E+06 4.5E+02 _ M  i
 Itn  10130: Hessian off-diagonals discarded
  10153    27     23 6.1E-01    105  1.2E+01  9.1E+00  6.2041071E+04  102847           17 6.8E+03 4.5E+02 _  R i
  10157    28      4 1.0E+00    107  5.9E+00  1.4E+01 -1.1451108E+05  102846           15 1.5E+04 4.5E+02 _sm  i
  10188    29     31 1.0E+00    109  4.1E+00  5.5E+00 -1.2038741E+04  106770           18 3.3E+04 1.0E+03 _ m  i
  10197    30      9 4.9E-01    112  8.1E+00  1.9E+01  6.5241807E+03  104954           18 1.0E+04 1.2E+03 _ m  i
  10208    31     11 1.0E+00    113  2.5E+00  1.4E+02 -3.0638319E+02  109412           17 8.3E+03 1.0E+03 _    i
  10241    32     33 3.9E-01    121  1.2E+01  5.6E+00  2.7585750E+03  105569           23 1.3E+04 1.1E+03 _ M  i
 Itn  10241: Hessian off-diagonals discarded
  10249    33      8 1.0E+00    123  3.0E+00  1.0E+02 -1.0946592E+04  110242           23 1.8E+04 1.1E+03 _ MR i
  10286    34     37 1.0E+00    125  4.2E+00  7.7E+01 -3.9872872E+04  109146           16 1.6E+09 1.4E+03 _sm  i
  10301    35     15 5.5E-01    128  2.2E+00  1.3E+01  1.4129954E+04  111073           13 2.5E+04 1.9E+03 _ m  i
  10330    36     29 1.0E+00    130  7.5E-01  3.1E+00  4.8320999E+03  109722           14 5.0E+05 1.9E+03 _ M  i
  10344    37     14 1.0E+00    131  2.0E-01  2.9E+01  1.3011269E+03  109742           15 5.1E+05 1.9E+03 _    i
  10362    38     18 1.0E+00    132  2.9E-01  1.4E+01  5.8672960E+02  113648           15 2.5E+03 2.5E+03 _    i
 Itn  10362: Hessian off-diagonals discarded
  10378    39     16 3.1E-01    143  4.9E-01  2.5E+00  1.5956191E+03  110958           18 9.0E+02 4.5E+03 _ mR i

    Itn     QP mult  QP step   rgNorm  SumInfE NonOpt Elastic QP obj   +SBS   -SBS    -BS    Pivot     L+U ncp    nS condZHZ
  10478     2.1E+08  4.9E-02           3.4E+00    788  1.9001966E+07  17865  17865   5227 -7.7E+00  109595
  10578     4.4E+07  2.6E-03           4.4E+00    623  1.2376690E+07  11596  11596   7747 -4.6E+00  105377
  10678     2.9E+07  2.4E-06           4.4E+00    555  1.2240700E+07  15520  15520   6894 -5.9E+00  104221
  10778     3.8E+07  2.6E-03           4.5E+00    573  1.2143732E+07  16995  16995   7621 -5.8E+00  101564
  10878     3.4E+07  8.2E-05           4.5E+00    594  1.2054155E+07  15442  15442   4465 -2.2E-01  100815
  10978     2.4E+08  2.2E-02           4.6E+00    505  1.1975885E+07  14752  14752   6816 -6.3E+01   97918
  11078     2.5E+08  1.7E-05  2.4E+04  4.8E+00    874  1.0557080E+07  16504  16504   4734 -4.9E+00  101886         1 1.5E+08
  11178     7.2E+07  1.1E-02  1.6E+02  4.9E+00    667  1.0416948E+07  11134  11134    312 -6.6E+00  102721         1 2.2E+06
  11278     9.1E+07  6.7E-06  1.5E+02  5.0E+00    678  1.0281615E+07  13390  13390   2107 -5.6E+00  101935         1 2.2E+06
  11378     7.3E+07  1.4E-02  2.3E+02  5.0E+00    611  1.0147018E+07  15141  15141    264 -8.3E+00  101784         1 2.2E+06
  11478     5.0E+07  1.3E-02  9.0E+00  5.1E+00    509  9.9937397E+06  14650  14650   5641 -5.7E+00  102081         1 2.2E+06
  11578     4.8E+07  7.9E-06  7.7E+01  5.2E+00    517  9.7801684E+06  16857  16857   4608 -5.1E+00  101002         1 2.2E+06
  11678    -3.9E+08  3.8E-04  4.6E+01  5.3E+00    494  9.6869479E+06  11440  11440  10606 -9.5E-01  100107         1 2.2E+06
  11778     1.2E+08  2.7E-04  2.3E+03  5.8E+00    677  8.2395917E+06  11925  11925   5016 -2.3E+00  101440         3 1.1E+02
  11878     2.0E+07  2.3E-01  1.4E+02  5.8E+00    387  5.5216222E+06  15268  15268    168            93246         3 3.3E+00
  11978              1.0E+00  1.7E-09  6.2E+00    267  2.7657928E+06                                 95816        10 3.4E+01
  12078    -5.8E+06  1.1E-02  2.1E+02  5.6E+00    273  2.5904322E+06  11991  11991  12081 -9.8E-01   93618        10 3.4E+01
  12178    -4.3E+06  9.8E-03  6.1E+01  5.6E+00    261  2.5957210E+06  12039  12039  12021 -8.1E-01   94027        10 3.4E+01
  12278              1.0E+00  2.1E-06  5.6E+00    253  2.5708981E+06                                 90937        11 6.5E+04
  12378     3.4E+06  2.5E-02  3.3E+06  5.7E+00    252  2.5727178E+06  10594  10516   1573  7.1E+00   93729        12 3.0E+06
  12478    -8.0E+06  1.5E-03  2.8E+00  6.2E+00    244  2.6099523E+06  17566  17566  17590 -9.9E-01   94203        10 3.4E+01
  12578              1.0E+00  4.2E-08  6.5E+00    296  2.1179010E+06                                 98622        14 7.3E+01
  12678              1.0E+00  2.7E-05  6.6E+00    322  2.1176493E+06                                 99694        13 1.6E+04
  12778    -2.9E+07  7.5E-04  1.7E+03  6.6E+00    357  2.1171308E+06   9483   9483   9441 -1.0E+00   95463        13 1.6E+04
  12878              1.0E+00  1.3E-04  6.1E+00    406  2.0213738E+06                                 99352        12 9.7E+03
  12978              1.0E+00  3.3E-01  6.1E+00    376  2.0065643E+06                                 97935        13 7.6E+06
  13078    -2.6E+07  4.4E-05  1.9E+06  6.1E+00    393  2.0052053E+06  12760  12760  10959 -9.6E-01  100126        13 3.1E+08
  13178              1.0E+00  2.2E-04  7.1E+00    404  2.0155328E+06                                 96780        14 4.0E+09
  13278              1.0E+00  2.4E-03  7.1E+00    421  2.0186897E+06                                 99597        13 2.5E+05
  13378    -1.6E+06  2.7E-03  2.7E+02  7.5E+00    457  2.0549037E+06  13323  13323  11578 -1.0E+00   96159        13 1.0E+01
  13478              1.0E+00  5.8E-07  7.5E+00    477  2.0432651E+06                                100131        14 1.9E+04
  13578              1.0E+00  9.7E-06  7.6E+00    509  2.0556870E+06                                 99410        16 1.3E+06
  13678              1.0E+00  4.7E-04  4.6E+00    489  1.1297794E+06                                102502        27 1.1E+06
  13778              1.0E+00  2.8E-06  4.9E+00    483  9.0085444E+05                                 97048        31 3.9E+04
  13878              1.0E+00  2.1E-04  5.0E+00    477  7.8147036E+05                                 99760        38 5.5E+02
  13978              1.0E+00  1.4E+00  4.8E+00    467  6.6983221E+05                                102244        45 1.1E+03
  14078    -3.8E+04  9.8E-08  2.3E+02  4.7E+00    459  6.1366180E+05   3085   3085  12094 -1.7E-01   99736        49 9.8E+04
 Itn  14178: Reduced Hessian is indefinite. Square of diag, min diag =  -2.0E-01  2.7E-04
 Itn  14178: Indefinite QP reduced Hessian
 Itn  14178: Hessian off-diagonals discarded

    Itn     QP mult  QP step   rgNorm  SumInfE NonOpt Elastic QP obj   +SBS   -SBS    -BS    Pivot     L+U ncp    nS condZHZ
  14178                       1.7E+05  4.3E+00         5.8636009E+05                                 90852        48 1.2E+04
  14278    -3.4E+04  6.6E-12  3.4E+04  3.8E+00    490  5.4117333E+05   6168  15171  15177 -7.1E-02   96247        49 1.1E+06
  14378              8.8E-04  3.0E+01  3.8E+00    485  5.3782634E+05          8407   5616  4.4E-01   94927        51 8.6E+04
  14478    -3.4E+04  2.2E-12  3.4E+04  3.7E+00    483  4.9853826E+05   5611  16161  14620 -3.1E+00   91705        52 2.0E+05
 Itn  14527: Reduced Hessian is indefinite. Square of diag, min diag =  -2.7E-01  1.8E-05
 Itn  14527: Indefinite QP reduced Hessian
 Itn  14527: Hessian set to a scaled identity matrix

    Itn     QP mult  QP step   rgNorm  SumInfE NonOpt Elastic QP obj   +SBS   -SBS    -BS    Pivot     L+U ncp    nS condZHZ
  14578              1.0E+00  1.6E-08  2.0E+00    512  2.8101952E+05                                 94075         2 3.4E+01
  14678              1.0E+00  4.2E-06  1.7E+00    466  2.4532211E+05                                 96829         1 3.2E+10
  14778              1.0E+00  5.4E-06  1.5E+00    465  2.2929099E+05                                 95019         1 3.5E+10
  14878              1.0E+00  1.5E-06  1.3E+00    447  2.1531582E+05                                 97416         4 8.9E+02
  14978              1.0E+00  8.6E-07  1.3E+00    424  2.0917037E+05                                 95304         4 1.1E+01
  15078    -3.4E+04  8.7E-09  1.0E+05  1.3E+00    423  2.1056057E+05   5598   5598  14607 -1.6E-01   98242         3 6.1E+02
  15178              1.0E+00  1.8E-07  1.2E+00    426  2.0449462E+05                                100436         4 2.3E+01
  15278              1.0E+00  1.1E-06  1.2E+00    412  2.0489594E+05                                 92696         4 1.0E+03
  15378              1.0E+00  2.5E-03  1.2E+00    409  2.0584806E+05                                 94656         4 3.5E+01
  15478    -3.8E+04  4.2E-08  1.8E+01  1.3E+00    409  2.0871518E+05   8347   8347  17356 -1.6E-01   96206         4 7.2E+01
  15578    -4.2E+04  4.3E-03  2.6E+01  1.2E+00    413  2.0313388E+05  13047  13047  13023  1.4E+00   95430         4 7.2E+01
  15678              1.0E+00  1.3E-06  1.2E+00    405  1.9795112E+05                                 91901         3 5.0E+05
  15778              1.0E+00  1.6E-07  1.2E+00    396  1.9685953E+05                                 94879         3 1.6E+08
  15878              1.0E+00  2.5E-06  1.1E+00    400  1.9605997E+05                                 91700         3 4.4E+05
  15978              1.0E+00  5.3E-09  1.2E+00    398  1.9682446E+05                                 94440         1 3.1E+05
 Itn  16046: Reduced Hessian is indefinite. Square of diag, min diag =  -4.9E+03  7.0E-05
 Itn  16046: Indefinite QP reduced Hessian

    Itn     QP mult  QP step   rgNorm  SumInfE NonOpt Elastic QP obj   +SBS   -SBS    -BS    Pivot     L+U ncp    nS condZHZ
  16078              1.0E+00  4.0E-06  1.2E+00    406  1.9769575E+05                                 94089         2 5.8E+05
 Itn  16169: Reduced Hessian is indefinite. Square of diag, min diag =  -2.3E+03  1.1E-04
 Itn  16169: Indefinite QP reduced Hessian

    Itn     QP mult  QP step   rgNorm  SumInfE NonOpt Elastic QP obj   +SBS   -SBS    -BS    Pivot     L+U ncp    nS condZHZ
  16178              1.0E+00  1.1E-07  1.2E+00    390  1.9648172E+05                                 93253         2 2.5E+02
  16278              1.0E+00  4.3E-08  1.1E+00    389  1.9438308E+05                                 96735         2 3.0E+02
  16378              1.0E+00  1.2E-07  1.1E+00    382  1.9357678E+05                                 93904         2 1.6E+00
  16478              1.0E+00  8.9E-07  1.1E+00    382  1.9181670E+05                                 94346         1 8.9E+11
 Itn  16543: Reduced Hessian is indefinite. Square of diag, min diag =  -7.9E+01  6.1E-04
 Itn  16543: Indefinite QP reduced Hessian

    Itn     QP mult  QP step   rgNorm  SumInfE NonOpt Elastic QP obj   +SBS   -SBS    -BS    Pivot     L+U ncp    nS condZHZ
  16578              1.0E+00  2.3E-06  1.1E+00    370  1.9023398E+05                                 93170         1 2.3E+10
  16678              1.0E+00  1.3E-06  1.1E+00    367  1.8997739E+05                                 95667         2 2.9E+01
  16778              1.0E+00  9.1E-08  1.1E+00    364  1.8896408E+05                                 96235         1 9.5E+07
  16878              1.0E+00  2.5E-02  1.1E+00    361  1.8583571E+05                                 98386         2 6.9E+02
 Itn  16897: Reduced Hessian is indefinite. Square of diag, min diag =  -9.8E+03  6.0E-04
 Itn  16897: Indefinite QP reduced Hessian

    Itn     QP mult  QP step   rgNorm  SumInfE NonOpt Elastic QP obj   +SBS   -SBS    -BS    Pivot     L+U ncp    nS condZHZ
  16978              1.0E+00  1.5E-04  1.0E+00    359  1.8360923E+05                                 96365         2 7.5E+00
  17078              1.0E+00  4.3E-05  1.0E+00    355  1.8221325E+05                                 94882         2 5.4E+03
  17178              1.0E+00  1.7E-06  3.2E+00    382  3.9807288E+05                                 94489         1 3.9E+10
  17278              1.0E+00  6.1E-06  1.3E+00    342  2.1002919E+05                                 96700         2 2.6E+03
  17378              1.0E+00  3.0E-06  1.3E+00    340  2.0883831E+05                                 98472         1 1.3E+10
  17478              1.0E+00  4.4E-07  1.3E+00    331  2.0723734E+05                                 96591         1 9.0E+09
  17578              1.0E+00  6.4E-08  1.3E+00    323  2.0437792E+05                                 99099         2 3.3E+01
  17678              1.0E+00  7.9E-05  1.3E+00    321  2.0312474E+05                                101872         2 4.5E+02
  17778              9.1E-03           1.2E+00    319  2.0153509E+05          9465  15610 -2.3E+00   98210
  17878              1.0E+00  1.5E-06  1.2E+00    317  2.0224284E+05                                100967         2 8.2E+01
  17978              1.0E+00  3.7E-04  1.2E+00    313  2.0085147E+05                                 96949         2 1.4E+00
  18078              1.0E+00  1.4E-05  1.2E+00    305  2.0039806E+05                                 98471         3 3.5E+02
  18178              1.0E+00  7.9E-08  1.2E+00    322  2.0034986E+05                                100480         2 4.0E+01
  18278              1.0E+00  1.9E-06  1.2E+00    306  1.9964982E+05                                 99517         2 5.3E+02
  18378    -3.4E+04  2.0E-04  2.3E+04  1.2E+00    302  1.9964334E+05   4218   4218   9651 -6.0E-01  103372         1 2.1E+09
  18478              1.0E+00  1.1E-06  1.3E+00    293  2.0156390E+05                                 99330         3 3.9E+01
 Itn  18578: Reduced Hessian is indefinite. Square of diag, min diag =  -1.4E+02  4.3E-05
 Itn  18578: Indefinite QP reduced Hessian

    Itn     QP mult  QP step   rgNorm  SumInfE NonOpt Elastic QP obj   +SBS   -SBS    -BS    Pivot     L+U ncp    nS condZHZ
  18578                       2.0E+04  1.3E+00         2.0206631E+05                                 98976         2 3.0E+01
  18678              1.0E+00  1.2E-07  1.2E+00    297  1.9598147E+05                                101206         1 5.5E+09
  18778              1.0E+00  2.2E-07  1.2E+00    287  1.9220615E+05                                104092         1 1.0E+10
 Itn  18858: Reduced Hessian is indefinite. Square of diag, min diag =  -2.5E+04  1.5E-03
 Itn  18858: Indefinite QP reduced Hessian

    Itn     QP mult  QP step   rgNorm  SumInfE NonOpt Elastic QP obj   +SBS   -SBS    -BS    Pivot     L+U ncp    nS condZHZ
  18878              1.0E+00  1.2E-07  1.2E+00    280  1.9418854E+05                                 97924         3 3.4E+02
  18978     9.0E+05  2.1E-03           9.1E-01    322  1.6371533E+05  13245  13245   4236 -4.4E+00   97913
  19078              1.0E+00  6.5E-07  8.8E-01    288  1.6019795E+05                                 99711         1 2.3E+06
  19178    -3.6E+04  6.5E-05  3.6E+04  8.5E-01    257  1.5862252E+05   6210  16654  15213 -7.0E+00   98504         1 7.3E+08
  19278              1.0E+00  5.4E-08  8.5E-01    254  1.5866388E+05                                100364         1 4.0E+08
  19378              1.0E+00  1.6E-07  8.6E-01    249  1.5970686E+05                                100082         2 2.4E+00
  19478              1.0E+00  2.4E-07  8.5E-01    279  1.5901328E+05                                102694         1 7.7E+09
  19578     3.9E+05  6.9E-01  2.7E+03  8.1E-01    275  1.5485657E+05  11188  11188    984 -4.8E+01  101293         1 4.5E+07
  19678              1.0E+00  3.6E-07  8.7E-01    230  1.5937937E+05                                105292         2 4.9E+00
  19778              1.0E+00  2.6E-06  8.9E-01    216  1.6055808E+05                                101124         2 8.6E+01
  19878              1.0E+00  8.6E-03  8.3E-01    216  1.5592115E+05                                103289         1 7.4E+10
  19978              1.0E+00  1.1E-05  8.4E-01    215  1.5667902E+05                                100210         1 5.9E+12
  20078              1.0E+00  5.0E-06  7.5E-01    211  1.5053417E+05                                104374         2 7.4E+00
  20178              1.0E+00  6.5E-07  7.8E-01    204  1.5219543E+05                                 99647         1 3.8E+09
  20278    -2.5E+04  2.7E-05  2.2E+05  7.7E-01    202  1.5041285E+05   5389   5389  14398 -1.1E-01  104215         2 8.0E+03
 Itn  20334: Reduced Hessian is indefinite. Square of diag, min diag =  -1.5E+04  1.8E-03
 Itn  20334: Indefinite QP reduced Hessian

    Itn     QP mult  QP step   rgNorm  SumInfE NonOpt Elastic QP obj   +SBS   -SBS    -BS    Pivot     L+U ncp    nS condZHZ
  20378    -4.1E+05  1.3E-04  4.4E+02  7.3E-01    236  1.4859851E+05  16732  16732  12051 -3.7E+00  103482         1 2.3E+04
  20478     5.9E+04  2.6E-01  4.0E+03  7.2E-01    200  1.4841222E+05  14254  14254   5245 -6.0E+00  101606         1 1.8E+10
  20578              1.0E+00  1.2E-08  7.4E-01    195  1.5021883E+05                                102719         1 1.2E+08
  20678              1.0E+00  3.9E-07  7.1E-01    181  1.4686940E+05                                101155         1 1.7E+09
  20778              1.0E+00  1.1E-07  6.9E-01    175  1.4536438E+05                                101496         1 4.2E+10
  20878              1.0E+00  1.8E-08  6.8E-01    185  1.4446763E+05                                107863         1 3.4E+07
  20978     2.6E+05  5.9E-03  5.7E+03  7.0E-01    195  1.4486962E+05  16774  16774   7765 -5.5E+00  103494         1 2.9E+09
  21078              1.0E+00  5.4E-08  6.9E-01    161  1.4338873E+05                                107885         2 1.2E+02
  21178              1.0E+00  2.4E-07  6.5E-01    147  1.3925626E+05                                103625         2 6.0E+02
  21278    -1.8E+04  3.2E-05  2.2E+03  6.7E-01    144  1.3985705E+05   4338   4338  13341  1.8E-01  106495         2 4.2E+03
  21378              1.0E+00  7.3E-07  6.7E-01    138  1.3981168E+05                                102282         2 2.0E+03
  21478              1.0E+00  4.4E-06  6.8E-01    128  1.3950427E+05                                105355         2 1.1E+05
  21578              1.0E+00  5.6E-07  6.8E-01    117  1.3942257E+05                                103207         2 4.3E+04
  21678              1.0E+00  6.6E-08  7.1E-01    105  1.4033550E+05                                106633         2 3.4E+02
  21778              1.0E+00  8.2E-05  6.5E-01    100  1.3410751E+05                                103500         3 1.5E+04
  21878              1.0E+00  5.8E-08  6.3E-01     86  1.3205793E+05                                106394         2 4.3E+02
  21978              1.0E+00  3.0E-07  6.9E-01     77  1.3480580E+05                                110069         3 3.6E+02
 Itn  22025: Reduced Hessian is indefinite. Square of diag, min diag =  -5.1E+02  1.0E-04
 Itn  22025: Indefinite QP reduced Hessian

    Itn     QP mult  QP step   rgNorm  SumInfE NonOpt Elastic QP obj   +SBS   -SBS    -BS    Pivot     L+U ncp    nS condZHZ
  22078              1.0E+00  8.1E-08  6.7E-01     67  1.3316391E+05                                106595         3 8.0E+03
  22178              1.0E+00  1.8E-07  6.7E-01     65  1.3173235E+05                                110745         4 1.9E+03
  22278              1.0E+00  1.1E-07  6.7E-01     45  1.3088141E+05                                106990         3 7.3E+03
  22378              1.0E+00  1.9E-04  6.5E-01     43  1.2342251E+05                                109416         4 9.2E+04
  22478              1.0E+00  7.0E-08  6.9E-01     31  1.1729847E+05                                107900         3 1.8E+02
  22578              1.0E+00  1.9E-08  7.9E-01     14  9.9006704E+04                                111978         3 2.8E+04

   Itns Major Minors    Step   nCon Feasible  Optimal  MeritFunction     L+U BSwap     nS condZHZ Penalty
  22673    40  12295 1.0E+00    144  4.5E-01  8.0E-01  9.3633307E+02  114948            7 1.3E+03 3.1E+03 _s r i
  22680    41      7 3.0E-03    150  4.5E-01  2.8E+00  1.0183012E+03  109336            8 1.4E+03 3.1E+03 _s   i
  22688    42      8 9.6E-05    156  4.5E-01  8.0E-01  2.5239930E+03  109484            9 2.2E+03 5.8E+03 _    i
  22696    43      8 7.6E-03    162  4.4E-01  5.2E+00  2.4963534E+03  109939           10 2.6E+03 5.8E+03 _    i
  22716    44     20 2.1E-02    173  4.3E-01  6.9E+00  3.4368486E+03  111037            9 1.7E+05 1.0E+04 _ M  i
  22745    45     29 3.0E-01    182  2.7E+00  3.1E+00  8.3697738E+03  108832            9 2.3E+05 2.3E+04 _ M  i
 Itn  22745: Hessian off-diagonals discarded
  22747    46      2 6.7E-01    193  5.6E+00  6.4E+00  2.6617781E+04  106535            9 2.6E+03 7.7E+03 _ mR i
  22749    47      2 1.0E+00    194  1.3E+00  2.6E+00  3.4782317E+04  109040            9 2.7E+03 7.7E+03 _s   i
  22750    48      1 1.0E+00    196  7.0E-01  6.6E+00  3.1645014E+04  108582            9 2.6E+03 7.7E+03 _ m  i
  22752    49      2 1.0E+00    198  6.5E-01  3.5E+00  3.2004839E+04  109588            9 4.2E+03 7.7E+03 _ m  i
  22776    50     24 1.0E+00    200  2.3E+00  1.7E+00  3.1505195E+04   99960     9     12 3.4E+05 7.7E+03 _ m  i
  22791    51     15 7.0E-01    211  6.1E+00  1.3E+00 -3.4326633E+04   96390            6 2.1E+03 7.7E+03 _sM  i
 Itn  22791: Hessian off-diagonals discarded
  22803    52     12 2.9E-02    217  5.9E+00  1.1E+00  1.7671670E+05   96919            6 1.5E+03 7.7E+03 _  R i
  22816    53     13 1.4E-02    221  5.8E+00  2.8E+01  1.7320319E+05   95849           18 1.8E+05 7.7E+03 _s   i
  22829    54     13 1.4E-02    225  5.7E+00  8.6E+00  1.9321641E+05   94320           13 1.8E+04 7.7E+03 _    i
  22831    55      2 3.5E-02    230  5.5E+00  3.0E+01  1.8500085E+05   93760           12 1.3E+04 7.7E+03 _    i
  22834    56      3 1.3E-02    234  5.4E+00  1.3E+01  1.8225513E+05   93990           11 2.2E+03 7.7E+03 _    i
  22836    57      2 1.4E-02    238  5.4E+00  7.5E+00  1.7865742E+05   96398           11 2.2E+03 7.7E+03 _    i
 Itn  22836: Hessian off-diagonals discarded
  22935    58     99 1.3E-02    242  5.3E+00  9.1E+01  1.7519858E+05   97011           49 7.0E+06 7.7E+03 _  R i
  22966    59     31 5.4E-02    252  5.0E+00  6.4E+01  9.9847498E+05   95695           41 9.3E+06 9.3E+03 _s   i

   Itns Major Minors    Step   nCon Feasible  Optimal  MeritFunction     L+U BSwap     nS condZHZ Penalty
  23013    60     47 7.1E-02    259  4.7E+00  1.9E+02  9.3716026E+05   95381           34 3.9E+06 9.3E+03 _ m  i
  23042    61     29 3.4E-02    265  4.5E+00  1.7E+02  9.6009695E+05   94009    34     33 7.4E+05 9.3E+03 _ m  i
  23058    62     16 2.9E-02    270  4.4E+00  1.7E+02  9.4866321E+05   94438           31 2.6E+05 9.3E+03 _    i
  23074    63     16 3.1E-02    275  4.2E+00  1.4E+02  8.9857931E+05   95288           22 4.1E+07 9.3E+03 _    i
